{"meta": {"format": 3, "version": "7.13.5", "timestamp": "2026-05-26T21:00:49.674590", "branch_coverage": false, "show_contexts": false}, "files": {"app.py": {"executed_lines": [5, 7, 8, 10, 11, 12, 13, 14, 15, 16, 17, 19, 20, 21, 22, 23, 24, 25, 26, 27, 28, 29, 30, 31, 32, 33, 34, 35, 36, 37, 38, 39, 40, 41, 42, 44, 47, 54, 55, 56, 57, 58, 61, 90, 91, 92, 93, 94, 95, 96, 113, 129, 131, 132, 133, 135, 136, 137, 138, 139, 140, 141, 143, 149, 150, 154, 156, 198, 199, 201, 202, 213, 214, 216, 225, 226, 227, 228, 229, 230, 231, 232, 233, 234, 235, 236, 237, 238, 239, 240, 241, 242, 243, 244, 252, 253, 261, 262, 266, 274, 275, 278, 324, 325, 326, 328, 329, 330, 332, 333, 334, 335, 337, 338, 339, 345, 346, 347, 348, 349, 353, 362, 368, 369, 370, 378, 380, 381, 382, 390, 392, 393, 394, 403, 405, 407, 414, 415, 416, 426, 427, 428, 438, 439, 440, 441, 443, 444, 445, 446, 448, 449, 450, 456, 457, 458, 462, 463, 464, 465, 467, 468, 469, 475, 476, 477, 478, 480, 481, 482, 483, 485, 486, 487, 490, 491, 492, 493, 495, 496, 497, 498, 500, 501, 502, 503, 505, 506, 507, 514, 516, 517, 518, 519, 520, 523, 524, 528, 536, 537, 543, 544, 546, 547, 548, 550, 551, 552, 554, 555, 556, 558, 559, 560, 562, 573, 582, 583, 594, 595, 598, 600, 601, 609, 610, 619, 621, 627, 628, 637, 639, 642, 649, 651, 653, 654, 661, 670, 682, 683, 684, 685, 686, 687, 690, 697, 700, 702, 704, 706, 708, 718, 719, 720, 721, 722, 723, 724, 725, 726, 729, 730, 736, 737, 739, 740, 742, 743, 744, 745, 746, 748, 749, 750, 756, 757, 758, 759, 762, 763, 794, 802, 803, 804, 808, 810, 811, 823, 825, 826, 834, 841, 845, 850, 853], "summary": {"covered_lines": 295, "num_statements": 327, "percent_covered": 90.21406727828746, "percent_covered_display": "90", "missing_lines": 32, "excluded_lines": 0, "percent_statements_covered": 90.21406727828746, "percent_statements_covered_display": "90"}, "missing_lines": [97, 98, 99, 100, 101, 102, 103, 107, 110, 134, 279, 293, 303, 304, 311, 312, 313, 314, 315, 316, 417, 420, 454, 460, 473, 488, 563, 574, 603, 805, 806, 807], "excluded_lines": [], "functions": {"_normalize_db_url": {"executed_lines": [54, 55, 56, 57, 58], "summary": {"covered_lines": 5, "num_statements": 5, "percent_covered": 100.0, "percent_covered_display": "100", "missing_lines": 0, "excluded_lines": 0, "percent_statements_covered": 100.0, "percent_statements_covered_display": "100"}, "missing_lines": [], "excluded_lines": [], "start_line": 47}, "_ensure_postgres_enum_values": {"executed_lines": [90, 91, 92, 93, 94, 95, 96], "summary": {"covered_lines": 7, "num_statements": 16, "percent_covered": 43.75, "percent_covered_display": "44", "missing_lines": 9, "excluded_lines": 0, "percent_statements_covered": 43.75, "percent_statements_covered_display": "44"}, "missing_lines": [97, 98, 99, 100, 101, 102, 103, 107, 110], "excluded_lines": [], "start_line": 61}, "_build_enum_repair_statements": {"executed_lines": [129, 131, 132, 133, 135, 136, 137, 138, 139, 140, 141, 143], "summary": {"covered_lines": 12, "num_statements": 13, "percent_covered": 92.3076923076923, "percent_covered_display": "92", "missing_lines": 1, "excluded_lines": 0, "percent_statements_covered": 92.3076923076923, "percent_statements_covered_display": "92"}, "missing_lines": [134], "excluded_lines": [], "start_line": 113}, "create_app": {"executed_lines": [150, 154, 156, 198, 199, 201, 202, 213, 214, 216, 225, 226, 227, 228, 229, 230, 231, 232, 233, 234, 235, 236, 237, 238, 239, 240, 241, 242, 243, 244, 252, 253, 261, 262, 266, 274, 275, 278, 324, 325, 326, 328, 329, 332, 333, 334, 337, 338, 339, 368, 369, 370, 380, 381, 382, 392, 393, 394, 438, 439, 440, 443, 444, 445, 448, 449, 450, 456, 457, 458, 462, 463, 464, 467, 468, 469, 475, 476, 477, 480, 481, 482, 485, 486, 487, 490, 491, 492, 495, 496, 497, 500, 501, 502, 505, 506, 507, 516, 517, 518, 536, 537, 546, 547, 550, 551, 552, 600, 601, 609, 610, 637, 639], "summary": {"covered_lines": 113, "num_statements": 117, "percent_covered": 96.58119658119658, "percent_covered_display": "97", "missing_lines": 4, "excluded_lines": 0, "percent_statements_covered": 96.58119658119658, "percent_statements_covered_display": "97"}, "missing_lines": [279, 293, 303, 304], "excluded_lines": [], "start_line": 149}, "create_app._force_https_except_healthz": {"executed_lines": [], "summary": {"covered_lines": 0, "num_statements": 6, "percent_covered": 0.0, "percent_covered_display": "0", "missing_lines": 6, "excluded_lines": 0, "percent_statements_covered": 0.0, "percent_statements_covered_display": "0"}, "missing_lines": [311, 312, 313, 314, 315, 316], "excluded_lines": [], "start_line": 304}, "create_app._refresh_session_lifetime": {"executed_lines": [330], "summary": {"covered_lines": 1, "num_statements": 1, "percent_covered": 100.0, "percent_covered_display": "100", "missing_lines": 0, "excluded_lines": 0, "percent_statements_covered": 100.0, "percent_statements_covered_display": "100"}, "missing_lines": [], "excluded_lines": [], "start_line": 329}, "create_app.index": {"executed_lines": [335], "summary": {"covered_lines": 1, "num_statements": 1, "percent_covered": 100.0, "percent_covered_display": "100", "missing_lines": 0, "excluded_lines": 0, "percent_statements_covered": 100.0, "percent_statements_covered_display": "100"}, "missing_lines": [], "excluded_lines": [], "start_line": 334}, "create_app.tier_detail_page": {"executed_lines": [345, 346, 347, 348, 349, 353, 362], "summary": {"covered_lines": 7, "num_statements": 7, "percent_covered": 100.0, "percent_covered_display": "100", "missing_lines": 0, "excluded_lines": 0, "percent_statements_covered": 100.0, "percent_statements_covered_display": "100"}, "missing_lines": [], "excluded_lines": [], "start_line": 339}, "create_app.completed_page": {"executed_lines": [378], "summary": {"covered_lines": 1, "num_statements": 1, "percent_covered": 100.0, "percent_covered_display": "100", "missing_lines": 0, "excluded_lines": 0, "percent_statements_covered": 100.0, "percent_statements_covered_display": "100"}, "missing_lines": [], "excluded_lines": [], "start_line": 370}, "create_app.docs_page": {"executed_lines": [390], "summary": {"covered_lines": 1, "num_statements": 1, "percent_covered": 100.0, "percent_covered_display": "100", "missing_lines": 0, "excluded_lines": 0, "percent_statements_covered": 100.0, "percent_statements_covered_display": "100"}, "missing_lines": [], "excluded_lines": [], "start_line": 382}, "create_app.architecture_page": {"executed_lines": [403, 405, 407, 414, 415, 416, 426, 427, 428], "summary": {"covered_lines": 9, "num_statements": 11, "percent_covered": 81.81818181818181, "percent_covered_display": "82", "missing_lines": 2, "excluded_lines": 0, "percent_statements_covered": 81.81818181818181, "percent_statements_covered_display": "82"}, "missing_lines": [417, 420], "excluded_lines": [], "start_line": 394}, "create_app.goals_page": {"executed_lines": [441], "summary": {"covered_lines": 1, "num_statements": 1, "percent_covered": 100.0, "percent_covered_display": "100", "missing_lines": 0, "excluded_lines": 0, "percent_statements_covered": 100.0, "percent_statements_covered_display": "100"}, "missing_lines": [], "excluded_lines": [], "start_line": 440}, "create_app.projects_page": {"executed_lines": [446], "summary": {"covered_lines": 1, "num_statements": 1, "percent_covered": 100.0, "percent_covered_display": "100", "missing_lines": 0, "excluded_lines": 0, "percent_statements_covered": 100.0, "percent_statements_covered_display": "100"}, "missing_lines": [], "excluded_lines": [], "start_line": 445}, "create_app.calendar_page": {"executed_lines": [], "summary": {"covered_lines": 0, "num_statements": 1, "percent_covered": 0.0, "percent_covered_display": "0", "missing_lines": 1, "excluded_lines": 0, "percent_statements_covered": 0.0, "percent_statements_covered_display": "0"}, "missing_lines": [454], "excluded_lines": [], "start_line": 450}, "create_app.recurring_page": {"executed_lines": [], "summary": {"covered_lines": 0, "num_statements": 1, "percent_covered": 0.0, "percent_covered_display": "0", "missing_lines": 1, "excluded_lines": 0, "percent_statements_covered": 0.0, "percent_statements_covered_display": "0"}, "missing_lines": [460], "excluded_lines": [], "start_line": 458}, "create_app.review_page": {"executed_lines": [465], "summary": {"covered_lines": 1, "num_statements": 1, "percent_covered": 100.0, "percent_covered_display": "100", "missing_lines": 0, "excluded_lines": 0, "percent_statements_covered": 100.0, "percent_statements_covered_display": "100"}, "missing_lines": [], "excluded_lines": [], "start_line": 464}, "create_app.plan_page": {"executed_lines": [], "summary": {"covered_lines": 0, "num_statements": 1, "percent_covered": 0.0, "percent_covered_display": "0", "missing_lines": 1, "excluded_lines": 0, "percent_statements_covered": 0.0, "percent_statements_covered_display": "0"}, "missing_lines": [473], "excluded_lines": [], "start_line": 469}, "create_app.scan_page": {"executed_lines": [478], "summary": {"covered_lines": 1, "num_statements": 1, "percent_covered": 100.0, "percent_covered_display": "100", "missing_lines": 0, "excluded_lines": 0, "percent_statements_covered": 100.0, "percent_statements_covered_display": "100"}, "missing_lines": [], "excluded_lines": [], "start_line": 477}, "create_app.voice_memo_page": {"executed_lines": [483], "summary": {"covered_lines": 1, "num_statements": 1, "percent_covered": 100.0, "percent_covered_display": "100", "missing_lines": 0, "excluded_lines": 0, "percent_statements_covered": 100.0, "percent_statements_covered_display": "100"}, "missing_lines": [], "excluded_lines": [], "start_line": 482}, "create_app.reflection_page": {"executed_lines": [], "summary": {"covered_lines": 0, "num_statements": 1, "percent_covered": 0.0, "percent_covered_display": "0", "missing_lines": 1, "excluded_lines": 0, "percent_statements_covered": 0.0, "percent_statements_covered_display": "0"}, "missing_lines": [488], "excluded_lines": [], "start_line": 487}, "create_app.import_page": {"executed_lines": [493], "summary": {"covered_lines": 1, "num_statements": 1, "percent_covered": 100.0, "percent_covered_display": "100", "missing_lines": 0, "excluded_lines": 0, "percent_statements_covered": 100.0, "percent_statements_covered_display": "100"}, "missing_lines": [], "excluded_lines": [], "start_line": 492}, "create_app.settings_page": {"executed_lines": [498], "summary": {"covered_lines": 1, "num_statements": 1, "percent_covered": 100.0, "percent_covered_display": "100", "missing_lines": 0, "excluded_lines": 0, "percent_statements_covered": 100.0, "percent_statements_covered_display": "100"}, "missing_lines": [], "excluded_lines": [], "start_line": 497}, "create_app.recycle_bin_page": {"executed_lines": [503], "summary": {"covered_lines": 1, "num_statements": 1, "percent_covered": 100.0, "percent_covered_display": "100", "missing_lines": 0, "excluded_lines": 0, "percent_statements_covered": 100.0, "percent_statements_covered_display": "100"}, "missing_lines": [], "excluded_lines": [], "start_line": 502}, "create_app.utilities_page": {"executed_lines": [514], "summary": {"covered_lines": 1, "num_statements": 1, "percent_covered": 100.0, "percent_covered_display": "100", "missing_lines": 0, "excluded_lines": 0, "percent_statements_covered": 100.0, "percent_statements_covered_display": "100"}, "missing_lines": [], "excluded_lines": [], "start_line": 507}, "create_app.print_page": {"executed_lines": [519, 520, 523, 524, 528], "summary": {"covered_lines": 5, "num_statements": 5, "percent_covered": 100.0, "percent_covered_display": "100", "missing_lines": 0, "excluded_lines": 0, "percent_statements_covered": 100.0, "percent_statements_covered_display": "100"}, "missing_lines": [], "excluded_lines": [], "start_line": 518}, "create_app.logout": {"executed_lines": [543, 544], "summary": {"covered_lines": 2, "num_statements": 2, "percent_covered": 100.0, "percent_covered_display": "100", "missing_lines": 0, "excluded_lines": 0, "percent_statements_covered": 100.0, "percent_statements_covered_display": "100"}, "missing_lines": [], "excluded_lines": [], "start_line": 537}, "create_app.login_page": {"executed_lines": [548], "summary": {"covered_lines": 1, "num_statements": 1, "percent_covered": 100.0, "percent_covered_display": "100", "missing_lines": 0, "excluded_lines": 0, "percent_statements_covered": 100.0, "percent_statements_covered_display": "100"}, "missing_lines": [], "excluded_lines": [], "start_line": 547}, "create_app.export_data": {"executed_lines": [554, 555, 556, 558, 559, 560, 562, 573, 582, 583, 594, 595, 598], "summary": {"covered_lines": 13, "num_statements": 13, "percent_covered": 100.0, "percent_covered_display": "100", "missing_lines": 0, "excluded_lines": 0, "percent_statements_covered": 100.0, "percent_statements_covered_display": "100"}, "missing_lines": [], "excluded_lines": [], "start_line": 552}, "create_app.export_data.serialize_goal": {"executed_lines": [], "summary": {"covered_lines": 0, "num_statements": 1, "percent_covered": 0.0, "percent_covered_display": "0", "missing_lines": 1, "excluded_lines": 0, "percent_statements_covered": 0.0, "percent_statements_covered_display": "0"}, "missing_lines": [563], "excluded_lines": [], "start_line": 562}, "create_app.export_data.serialize_project": {"executed_lines": [], "summary": {"covered_lines": 0, "num_statements": 1, "percent_covered": 0.0, "percent_covered_display": "0", "missing_lines": 1, "excluded_lines": 0, "percent_statements_covered": 0.0, "percent_statements_covered_display": "0"}, "missing_lines": [574], "excluded_lines": [], "start_line": 573}, "create_app.service_worker": {"executed_lines": [], "summary": {"covered_lines": 0, "num_statements": 1, "percent_covered": 0.0, "percent_covered_display": "0", "missing_lines": 1, "excluded_lines": 0, "percent_statements_covered": 0.0, "percent_statements_covered_display": "0"}, "missing_lines": [603], "excluded_lines": [], "start_line": 601}, "create_app.healthz": {"executed_lines": [619, 621, 627, 628], "summary": {"covered_lines": 4, "num_statements": 4, "percent_covered": 100.0, "percent_covered_display": "100", "missing_lines": 0, "excluded_lines": 0, "percent_statements_covered": 100.0, "percent_statements_covered_display": "100"}, "missing_lines": [], "excluded_lines": [], "start_line": 610}, "_register_cli_commands": {"executed_lines": [649, 651, 653, 654, 661, 670], "summary": {"covered_lines": 6, "num_statements": 6, "percent_covered": 100.0, "percent_covered_display": "100", "missing_lines": 0, "excluded_lines": 0, "percent_statements_covered": 100.0, "percent_statements_covered_display": "100"}, "missing_lines": [], "excluded_lines": [], "start_line": 642}, "_register_cli_commands.mint_validator_cookie": {"executed_lines": [682, 683, 684, 685, 686, 687, 690, 697], "summary": {"covered_lines": 8, "num_statements": 8, "percent_covered": 100.0, "percent_covered_display": "100", "missing_lines": 0, "excluded_lines": 0, "percent_statements_covered": 100.0, "percent_statements_covered_display": "100"}, "missing_lines": [], "excluded_lines": [], "start_line": 670}, "_start_digest_scheduler": {"executed_lines": [702, 704, 706, 708, 718, 719, 720, 721, 722, 723, 724, 725, 726, 729, 730, 736, 737, 739, 740, 742, 762, 763, 794, 802, 810, 811, 823, 825, 834, 841, 845, 850], "summary": {"covered_lines": 32, "num_statements": 32, "percent_covered": 100.0, "percent_covered_display": "100", "missing_lines": 0, "excluded_lines": 0, "percent_statements_covered": 100.0, "percent_statements_covered_display": "100"}, "missing_lines": [], "excluded_lines": [], "start_line": 700}, "_start_digest_scheduler._send_scheduled_digest": {"executed_lines": [743, 744, 745, 746, 748, 749, 750, 756, 757, 758, 759], "summary": {"covered_lines": 11, "num_statements": 11, "percent_covered": 100.0, "percent_covered_display": "100", "missing_lines": 0, "excluded_lines": 0, "percent_statements_covered": 100.0, "percent_statements_covered_display": "100"}, "missing_lines": [], "excluded_lines": [], "start_line": 742}, "_start_digest_scheduler._make_cron_runner": {"executed_lines": [803, 804, 808], "summary": {"covered_lines": 3, "num_statements": 3, "percent_covered": 100.0, "percent_covered_display": "100", "missing_lines": 0, "excluded_lines": 0, "percent_statements_covered": 100.0, "percent_statements_covered_display": "100"}, "missing_lines": [], "excluded_lines": [], "start_line": 802}, "_start_digest_scheduler._make_cron_runner._run": {"executed_lines": [], "summary": {"covered_lines": 0, "num_statements": 3, "percent_covered": 0.0, "percent_covered_display": "0", "missing_lines": 3, "excluded_lines": 0, "percent_statements_covered": 0.0, "percent_statements_covered_display": "0"}, "missing_lines": [805, 806, 807], "excluded_lines": [], "start_line": 804}, "_start_digest_scheduler._write_heartbeat": {"executed_lines": [826], "summary": {"covered_lines": 1, "num_statements": 1, "percent_covered": 100.0, "percent_covered_display": "100", "missing_lines": 0, "excluded_lines": 0, "percent_statements_covered": 100.0, "percent_statements_covered_display": "100"}, "missing_lines": [], "excluded_lines": [], "start_line": 825}, "": {"executed_lines": [5, 7, 8, 10, 11, 12, 13, 14, 15, 16, 17, 19, 20, 21, 22, 23, 24, 25, 26, 27, 28, 29, 30, 31, 32, 33, 34, 35, 36, 37, 38, 39, 40, 41, 42, 44, 47, 61, 113, 149, 642, 700, 853], "summary": {"covered_lines": 43, "num_statements": 43, "percent_covered": 100.0, "percent_covered_display": "100", "missing_lines": 0, "excluded_lines": 0, "percent_statements_covered": 100.0, "percent_statements_covered_display": "100"}, "missing_lines": [], "excluded_lines": [], "start_line": 1}}, "classes": {"": {"executed_lines": [5, 7, 8, 10, 11, 12, 13, 14, 15, 16, 17, 19, 20, 21, 22, 23, 24, 25, 26, 27, 28, 29, 30, 31, 32, 33, 34, 35, 36, 37, 38, 39, 40, 41, 42, 44, 47, 54, 55, 56, 57, 58, 61, 90, 91, 92, 93, 94, 95, 96, 113, 129, 131, 132, 133, 135, 136, 137, 138, 139, 140, 141, 143, 149, 150, 154, 156, 198, 199, 201, 202, 213, 214, 216, 225, 226, 227, 228, 229, 230, 231, 232, 233, 234, 235, 236, 237, 238, 239, 240, 241, 242, 243, 244, 252, 253, 261, 262, 266, 274, 275, 278, 324, 325, 326, 328, 329, 330, 332, 333, 334, 335, 337, 338, 339, 345, 346, 347, 348, 349, 353, 362, 368, 369, 370, 378, 380, 381, 382, 390, 392, 393, 394, 403, 405, 407, 414, 415, 416, 426, 427, 428, 438, 439, 440, 441, 443, 444, 445, 446, 448, 449, 450, 456, 457, 458, 462, 463, 464, 465, 467, 468, 469, 475, 476, 477, 478, 480, 481, 482, 483, 485, 486, 487, 490, 491, 492, 493, 495, 496, 497, 498, 500, 501, 502, 503, 505, 506, 507, 514, 516, 517, 518, 519, 520, 523, 524, 528, 536, 537, 543, 544, 546, 547, 548, 550, 551, 552, 554, 555, 556, 558, 559, 560, 562, 573, 582, 583, 594, 595, 598, 600, 601, 609, 610, 619, 621, 627, 628, 637, 639, 642, 649, 651, 653, 654, 661, 670, 682, 683, 684, 685, 686, 687, 690, 697, 700, 702, 704, 706, 708, 718, 719, 720, 721, 722, 723, 724, 725, 726, 729, 730, 736, 737, 739, 740, 742, 743, 744, 745, 746, 748, 749, 750, 756, 757, 758, 759, 762, 763, 794, 802, 803, 804, 808, 810, 811, 823, 825, 826, 834, 841, 845, 850, 853], "summary": {"covered_lines": 295, "num_statements": 327, "percent_covered": 90.21406727828746, "percent_covered_display": "90", "missing_lines": 32, "excluded_lines": 0, "percent_statements_covered": 90.21406727828746, "percent_statements_covered_display": "90"}, "missing_lines": [97, 98, 99, 100, 101, 102, 103, 107, 110, 134, 279, 293, 303, 304, 311, 312, 313, 314, 315, 316, 417, 420, 454, 460, 473, 488, 563, 574, 603, 805, 806, 807], "excluded_lines": [], "start_line": 1}}}, "architecture_schemas.py": {"executed_lines": [26, 28, 30], "summary": {"covered_lines": 3, "num_statements": 3, "percent_covered": 100.0, "percent_covered_display": "100", "missing_lines": 0, "excluded_lines": 0, "percent_statements_covered": 100.0, "percent_statements_covered_display": "100"}, "missing_lines": [], "excluded_lines": [], "functions": {"": {"executed_lines": [26, 28, 30], "summary": {"covered_lines": 3, "num_statements": 3, "percent_covered": 100.0, "percent_covered_display": "100", "missing_lines": 0, "excluded_lines": 0, "percent_statements_covered": 100.0, "percent_statements_covered_display": "100"}, "missing_lines": [], "excluded_lines": [], "start_line": 1}}, "classes": {"": {"executed_lines": [26, 28, 30], "summary": {"covered_lines": 3, "num_statements": 3, "percent_covered": 100.0, "percent_covered_display": "100", "missing_lines": 0, "excluded_lines": 0, "percent_statements_covered": 100.0, "percent_statements_covered_display": "100"}, "missing_lines": [], "excluded_lines": [], "start_line": 1}}}, "architecture_service.py": {"executed_lines": [27, 29, 30, 31, 33, 34, 35, 40, 59, 65, 75, 76, 79, 96, 97, 99, 100, 101, 102, 105, 106, 107, 109, 110, 111, 112, 113, 115, 116, 124, 125, 128, 144, 145, 146, 147, 148, 150, 151, 154, 161, 162, 164, 165, 167, 168, 169, 170, 171, 174, 176, 178, 179, 180, 181, 182, 183, 184, 185, 186, 187, 195, 201, 224, 240, 268, 272, 277, 278, 279, 280, 284, 285, 288, 290, 292, 293, 294, 296, 297, 298, 299, 300, 301, 302, 304, 305, 306, 307, 308, 309, 310, 311, 314, 315, 316, 320, 325, 326, 332, 333, 334, 335, 339, 340, 341, 342, 343, 344, 345, 346, 348, 351, 367, 368, 369, 371, 374, 375, 376, 389, 396, 405, 408, 427, 429, 435, 442, 443, 444, 446, 447, 448, 450, 452, 453, 454, 455, 456, 458, 459, 479, 487], "summary": {"covered_lines": 143, "num_statements": 151, "percent_covered": 94.70198675496688, "percent_covered_display": "95", "missing_lines": 8, "excluded_lines": 0, "percent_statements_covered": 94.70198675496688, "percent_statements_covered_display": "95"}, "missing_lines": [103, 114, 303, 379, 380, 457, 470, 471], "excluded_lines": [], "functions": {"render_architecture_md": {"executed_lines": [59, 65], "summary": {"covered_lines": 2, "num_statements": 2, "percent_covered": 100.0, "percent_covered_display": "100", "missing_lines": 0, "excluded_lines": 0, "percent_statements_covered": 100.0, "percent_statements_covered_display": "100"}, "missing_lines": [], "excluded_lines": [], "start_line": 40}, "build_route_catalog": {"executed_lines": [96, 97, 99, 100, 101, 102, 105, 106, 107, 109, 110, 111, 112, 113, 115, 116, 124, 125], "summary": {"covered_lines": 18, "num_statements": 20, "percent_covered": 90.0, "percent_covered_display": "90", "missing_lines": 2, "excluded_lines": 0, "percent_statements_covered": 90.0, "percent_statements_covered_display": "90"}, "missing_lines": [103, 114], "excluded_lines": [], "start_line": 79}, "split_route_catalog": {"executed_lines": [144, 145, 146, 147, 148, 150, 151], "summary": {"covered_lines": 7, "num_statements": 7, "percent_covered": 100.0, "percent_covered_display": "100", "missing_lines": 0, "excluded_lines": 0, "percent_statements_covered": 100.0, "percent_statements_covered_display": "100"}, "missing_lines": [], "excluded_lines": [], "start_line": 128}, "_detect_auth": {"executed_lines": [161, 162, 164, 165, 167, 168, 169, 170, 171], "summary": {"covered_lines": 9, "num_statements": 9, "percent_covered": 100.0, "percent_covered_display": "100", "missing_lines": 0, "excluded_lines": 0, "percent_statements_covered": 100.0, "percent_statements_covered_display": "100"}, "missing_lines": [], "excluded_lines": [], "start_line": 154}, "_first_doc_line": {"executed_lines": [176, 178, 179, 180, 181, 182, 183, 184, 185, 186, 187], "summary": {"covered_lines": 11, "num_statements": 11, "percent_covered": 100.0, "percent_covered_display": "100", "missing_lines": 0, "excluded_lines": 0, "percent_statements_covered": 100.0, "percent_statements_covered_display": "100"}, "missing_lines": [], "excluded_lines": [], "start_line": 174}, "build_er_diagram": {"executed_lines": [268, 272, 277, 278, 279, 280, 284, 285, 288, 290, 292, 293, 294, 296, 297, 298, 299, 300, 301, 302, 304, 305, 306, 307, 308, 309, 310, 311, 314, 315, 316, 320, 325, 326, 332, 333, 334, 335, 339, 340, 341, 342, 343, 344, 345, 346, 348], "summary": {"covered_lines": 47, "num_statements": 48, "percent_covered": 97.91666666666667, "percent_covered_display": "98", "missing_lines": 1, "excluded_lines": 0, "percent_statements_covered": 97.91666666666667, "percent_statements_covered_display": "98"}, "missing_lines": [303], "excluded_lines": [], "start_line": 240}, "_format_col_type": {"executed_lines": [367, 368, 369, 371, 374, 375, 376], "summary": {"covered_lines": 7, "num_statements": 9, "percent_covered": 77.77777777777777, "percent_covered_display": "78", "missing_lines": 2, "excluded_lines": 0, "percent_statements_covered": 77.77777777777777, "percent_statements_covered_display": "78"}, "missing_lines": [379, 380], "excluded_lines": [], "start_line": 351}, "build_per_table_schema": {"executed_lines": [427, 429, 435, 442, 443, 444, 446, 447, 448, 450, 452, 453, 454, 455, 456, 458, 459, 479, 487], "summary": {"covered_lines": 19, "num_statements": 22, "percent_covered": 86.36363636363636, "percent_covered_display": "86", "missing_lines": 3, "excluded_lines": 0, "percent_statements_covered": 86.36363636363636, "percent_statements_covered_display": "86"}, "missing_lines": [457, 470, 471], "excluded_lines": [], "start_line": 408}, "": {"executed_lines": [27, 29, 30, 31, 33, 34, 35, 40, 75, 76, 79, 128, 154, 174, 195, 201, 224, 240, 351, 389, 396, 405, 408], "summary": {"covered_lines": 23, "num_statements": 23, "percent_covered": 100.0, "percent_covered_display": "100", "missing_lines": 0, "excluded_lines": 0, "percent_statements_covered": 100.0, "percent_statements_covered_display": "100"}, "missing_lines": [], "excluded_lines": [], "start_line": 1}}, "classes": {"": {"executed_lines": [27, 29, 30, 31, 33, 34, 35, 40, 59, 65, 75, 76, 79, 96, 97, 99, 100, 101, 102, 105, 106, 107, 109, 110, 111, 112, 113, 115, 116, 124, 125, 128, 144, 145, 146, 147, 148, 150, 151, 154, 161, 162, 164, 165, 167, 168, 169, 170, 171, 174, 176, 178, 179, 180, 181, 182, 183, 184, 185, 186, 187, 195, 201, 224, 240, 268, 272, 277, 278, 279, 280, 284, 285, 288, 290, 292, 293, 294, 296, 297, 298, 299, 300, 301, 302, 304, 305, 306, 307, 308, 309, 310, 311, 314, 315, 316, 320, 325, 326, 332, 333, 334, 335, 339, 340, 341, 342, 343, 344, 345, 346, 348, 351, 367, 368, 369, 371, 374, 375, 376, 389, 396, 405, 408, 427, 429, 435, 442, 443, 444, 446, 447, 448, 450, 452, 453, 454, 455, 456, 458, 459, 479, 487], "summary": {"covered_lines": 143, "num_statements": 151, "percent_covered": 94.70198675496688, "percent_covered_display": "95", "missing_lines": 8, "excluded_lines": 0, "percent_statements_covered": 94.70198675496688, "percent_statements_covered_display": "95"}, "missing_lines": [103, 114, 303, 379, 380, 457, 470, 471], "excluded_lines": [], "start_line": 1}}}, "auth.py": {"executed_lines": [22, 24, 25, 26, 27, 29, 30, 31, 33, 42, 49, 56, 57, 59, 60, 62, 63, 65, 68, 79, 80, 82, 83, 87, 97, 98, 101, 111, 114, 144, 145, 146, 148, 149, 150, 151, 152, 153, 154, 155, 156, 157, 158, 161, 162, 163, 171, 174, 190, 191, 193, 194, 195, 196, 197, 200, 206, 213, 214, 216, 219, 220, 221, 222, 227, 232, 238, 240, 241, 252, 253, 254, 255, 256, 257, 258, 259, 260, 261, 267, 268], "summary": {"covered_lines": 81, "num_statements": 83, "percent_covered": 97.59036144578313, "percent_covered_display": "98", "missing_lines": 2, "excluded_lines": 0, "percent_statements_covered": 97.59036144578313, "percent_statements_covered_display": "98"}, "missing_lines": [198, 199], "excluded_lines": [], "functions": {"_dev_bypass_active": {"executed_lines": [56, 57, 59, 60, 62, 63, 65], "summary": {"covered_lines": 7, "num_statements": 7, "percent_covered": 100.0, "percent_covered_display": "100", "missing_lines": 0, "excluded_lines": 0, "percent_statements_covered": 100.0, "percent_statements_covered_display": "100"}, "missing_lines": [], "excluded_lines": [], "start_line": 49}, "log_bypass_startup_banner": {"executed_lines": [79, 80, 82, 83, 87, 97, 98, 101], "summary": {"covered_lines": 8, "num_statements": 8, "percent_covered": 100.0, "percent_covered_display": "100", "missing_lines": 0, "excluded_lines": 0, "percent_statements_covered": 100.0, "percent_statements_covered_display": "100"}, "missing_lines": [], "excluded_lines": [], "start_line": 68}, "get_current_user_email": {"executed_lines": [144, 145, 146, 148, 149, 150, 151, 152, 153, 154, 155, 156, 157, 158, 161, 162, 163], "summary": {"covered_lines": 17, "num_statements": 17, "percent_covered": 100.0, "percent_covered_display": "100", "missing_lines": 0, "excluded_lines": 0, "percent_statements_covered": 100.0, "percent_statements_covered_display": "100"}, "missing_lines": [], "excluded_lines": [], "start_line": 114}, "login_required": {"executed_lines": [190, 191, 267, 268], "summary": {"covered_lines": 4, "num_statements": 4, "percent_covered": 100.0, "percent_covered_display": "100", "missing_lines": 0, "excluded_lines": 0, "percent_statements_covered": 100.0, "percent_statements_covered_display": "100"}, "missing_lines": [], "excluded_lines": [], "start_line": 174}, "login_required.wrapped": {"executed_lines": [193, 194, 195, 196, 197, 200, 206, 213, 214, 216, 219, 220, 221, 222, 227, 232, 238, 240, 241, 252, 253, 254, 255, 256, 257, 258, 259, 260, 261], "summary": {"covered_lines": 29, "num_statements": 31, "percent_covered": 93.54838709677419, "percent_covered_display": "94", "missing_lines": 2, "excluded_lines": 0, "percent_statements_covered": 93.54838709677419, "percent_statements_covered_display": "94"}, "missing_lines": [198, 199], "excluded_lines": [], "start_line": 191}, "": {"executed_lines": [22, 24, 25, 26, 27, 29, 30, 31, 33, 42, 49, 68, 111, 114, 171, 174], "summary": {"covered_lines": 16, "num_statements": 16, "percent_covered": 100.0, "percent_covered_display": "100", "missing_lines": 0, "excluded_lines": 0, "percent_statements_covered": 100.0, "percent_statements_covered_display": "100"}, "missing_lines": [], "excluded_lines": [], "start_line": 1}}, "classes": {"": {"executed_lines": [22, 24, 25, 26, 27, 29, 30, 31, 33, 42, 49, 56, 57, 59, 60, 62, 63, 65, 68, 79, 80, 82, 83, 87, 97, 98, 101, 111, 114, 144, 145, 146, 148, 149, 150, 151, 152, 153, 154, 155, 156, 157, 158, 161, 162, 163, 171, 174, 190, 191, 193, 194, 195, 196, 197, 200, 206, 213, 214, 216, 219, 220, 221, 222, 227, 232, 238, 240, 241, 252, 253, 254, 255, 256, 257, 258, 259, 260, 261, 267, 268], "summary": {"covered_lines": 81, "num_statements": 83, "percent_covered": 97.59036144578313, "percent_covered_display": "98", "missing_lines": 2, "excluded_lines": 0, "percent_statements_covered": 97.59036144578313, "percent_statements_covered_display": "98"}, "missing_lines": [198, 199], "excluded_lines": [], "start_line": 1}}}, "auth_api.py": {"executed_lines": [30, 32, 34, 36, 37, 39, 42, 43, 65, 66, 77, 78, 79, 80, 81, 86, 87, 94, 95, 96, 102, 103, 105], "summary": {"covered_lines": 23, "num_statements": 23, "percent_covered": 100.0, "percent_covered_display": "100", "missing_lines": 0, "excluded_lines": 0, "percent_statements_covered": 100.0, "percent_statements_covered_display": "100"}, "missing_lines": [], "excluded_lines": [], "functions": {"auth_status": {"executed_lines": [65, 66, 77, 78, 79, 80, 81, 86, 87, 94, 95, 96, 102, 103, 105], "summary": {"covered_lines": 15, "num_statements": 15, "percent_covered": 100.0, "percent_covered_display": "100", "missing_lines": 0, "excluded_lines": 0, "percent_statements_covered": 100.0, "percent_statements_covered_display": "100"}, "missing_lines": [], "excluded_lines": [], "start_line": 43}, "": {"executed_lines": [30, 32, 34, 36, 37, 39, 42, 43], "summary": {"covered_lines": 8, "num_statements": 8, "percent_covered": 100.0, "percent_covered_display": "100", "missing_lines": 0, "excluded_lines": 0, "percent_statements_covered": 100.0, "percent_statements_covered_display": "100"}, "missing_lines": [], "excluded_lines": [], "start_line": 1}}, "classes": {"": {"executed_lines": [30, 32, 34, 36, 37, 39, 42, 43, 65, 66, 77, 78, 79, 80, 81, 86, 87, 94, 95, 96, 102, 103, 105], "summary": {"covered_lines": 23, "num_statements": 23, "percent_covered": 100.0, "percent_covered_display": "100", "missing_lines": 0, "excluded_lines": 0, "percent_statements_covered": 100.0, "percent_statements_covered_display": "100"}, "missing_lines": [], "excluded_lines": [], "start_line": 1}}}, "claude_client.py": {"executed_lines": [21, 23, 27, 30, 32, 33, 37, 40, 65, 67, 68, 83, 84], "summary": {"covered_lines": 13, "num_statements": 13, "percent_covered": 100.0, "percent_covered_display": "100", "missing_lines": 0, "excluded_lines": 0, "percent_statements_covered": 100.0, "percent_statements_covered_display": "100"}, "missing_lines": [], "excluded_lines": [], "functions": {"call_claude": {"executed_lines": [65, 67, 68, 83, 84], "summary": {"covered_lines": 5, "num_statements": 5, "percent_covered": 100.0, "percent_covered_display": "100", "missing_lines": 0, "excluded_lines": 0, "percent_statements_covered": 100.0, "percent_statements_covered_display": "100"}, "missing_lines": [], "excluded_lines": [], "start_line": 40}, "": {"executed_lines": [21, 23, 27, 30, 32, 33, 37, 40], "summary": {"covered_lines": 8, "num_statements": 8, "percent_covered": 100.0, "percent_covered_display": "100", "missing_lines": 0, "excluded_lines": 0, "percent_statements_covered": 100.0, "percent_statements_covered_display": "100"}, "missing_lines": [], "excluded_lines": [], "start_line": 1}}, "classes": {"": {"executed_lines": [21, 23, 27, 30, 32, 33, 37, 40, 65, 67, 68, 83, 84], "summary": {"covered_lines": 13, "num_statements": 13, "percent_covered": 100.0, "percent_covered_display": "100", "missing_lines": 0, "excluded_lines": 0, "percent_statements_covered": 100.0, "percent_statements_covered_display": "100"}, "missing_lines": [], "excluded_lines": [], "start_line": 1}}}, "crypto.py": {"executed_lines": [16, 18, 19, 21, 23, 24, 27, 31, 32, 34, 35, 36, 37, 41, 42, 44, 46, 47, 50, 55, 56, 58, 59, 60, 62, 65, 72, 73, 75, 76, 77, 79, 80, 81, 83, 86, 89, 90], "summary": {"covered_lines": 38, "num_statements": 38, "percent_covered": 100.0, "percent_covered_display": "100", "missing_lines": 0, "excluded_lines": 0, "percent_statements_covered": 100.0, "percent_statements_covered_display": "100"}, "missing_lines": [], "excluded_lines": [], "functions": {"_get_fernet": {"executed_lines": [31, 32, 34, 35, 36, 37, 41, 42, 44, 46, 47], "summary": {"covered_lines": 11, "num_statements": 11, "percent_covered": 100.0, "percent_covered_display": "100", "missing_lines": 0, "excluded_lines": 0, "percent_statements_covered": 100.0, "percent_statements_covered_display": "100"}, "missing_lines": [], "excluded_lines": [], "start_line": 27}, "encrypt": {"executed_lines": [55, 56, 58, 59, 60, 62], "summary": {"covered_lines": 6, "num_statements": 6, "percent_covered": 100.0, "percent_covered_display": "100", "missing_lines": 0, "excluded_lines": 0, "percent_statements_covered": 100.0, "percent_statements_covered_display": "100"}, "missing_lines": [], "excluded_lines": [], "start_line": 50}, "decrypt": {"executed_lines": [72, 73, 75, 76, 77, 79, 80, 81, 83], "summary": {"covered_lines": 9, "num_statements": 9, "percent_covered": 100.0, "percent_covered_display": "100", "missing_lines": 0, "excluded_lines": 0, "percent_statements_covered": 100.0, "percent_statements_covered_display": "100"}, "missing_lines": [], "excluded_lines": [], "start_line": 65}, "reset": {"executed_lines": [89, 90], "summary": {"covered_lines": 2, "num_statements": 2, "percent_covered": 100.0, "percent_covered_display": "100", "missing_lines": 0, "excluded_lines": 0, "percent_statements_covered": 100.0, "percent_statements_covered_display": "100"}, "missing_lines": [], "excluded_lines": [], "start_line": 86}, "": {"executed_lines": [16, 18, 19, 21, 23, 24, 27, 50, 65, 86], "summary": {"covered_lines": 10, "num_statements": 10, "percent_covered": 100.0, "percent_covered_display": "100", "missing_lines": 0, "excluded_lines": 0, "percent_statements_covered": 100.0, "percent_statements_covered_display": "100"}, "missing_lines": [], "excluded_lines": [], "start_line": 1}}, "classes": {"": {"executed_lines": [16, 18, 19, 21, 23, 24, 27, 31, 32, 34, 35, 36, 37, 41, 42, 44, 46, 47, 50, 55, 56, 58, 59, 60, 62, 65, 72, 73, 75, 76, 77, 79, 80, 81, 83, 86, 89, 90], "summary": {"covered_lines": 38, "num_statements": 38, "percent_covered": 100.0, "percent_covered_display": "100", "missing_lines": 0, "excluded_lines": 0, "percent_statements_covered": 100.0, "percent_statements_covered_display": "100"}, "missing_lines": [], "excluded_lines": [], "start_line": 1}}}, "debug_api.py": {"executed_lines": [12, 14, 15, 16, 17, 18, 19, 21, 22, 24, 25, 26, 27, 35, 40, 76, 83, 84, 85, 86, 87, 92, 99, 101, 102, 103, 106, 111, 112, 114, 117, 129, 131, 132, 133, 134, 139, 140, 142, 144, 146, 150, 151, 152, 155, 158, 166, 167, 169, 172, 177, 178, 183, 184, 185, 191, 194, 195, 196, 198, 199, 200, 206, 207, 208, 220, 221, 222, 223, 225, 226, 227, 228, 229, 234, 235, 237, 238, 239, 240, 241, 243, 244, 247, 248, 251, 252, 258, 259, 260, 261, 262, 264, 266, 308, 309, 310, 386, 456, 457, 458, 459, 476, 483, 484, 485, 486, 487, 494, 495, 497, 498, 499, 500, 501, 502, 505, 506, 507, 508, 509, 510, 511, 512, 516, 517, 519, 529, 532, 533, 535, 537, 543, 544, 545, 590, 591, 592, 610, 611, 612, 641, 642, 643, 659, 661, 662, 669, 670, 672, 679, 686, 687, 688, 689, 690, 691, 695, 701, 702, 703, 716, 717, 719, 720, 723, 724, 725, 726, 727, 728, 729, 730, 731, 735, 736, 737, 741], "summary": {"covered_lines": 178, "num_statements": 240, "percent_covered": 74.16666666666667, "percent_covered_display": "74", "missing_lines": 62, "excluded_lines": 0, "percent_statements_covered": 74.16666666666667, "percent_statements_covered_display": "74"}, "missing_lines": [197, 322, 327, 328, 329, 330, 331, 332, 334, 339, 344, 353, 360, 363, 365, 390, 391, 392, 397, 398, 403, 404, 410, 411, 412, 413, 417, 418, 424, 430, 431, 432, 433, 437, 438, 444, 450, 560, 562, 565, 567, 568, 569, 570, 571, 572, 573, 574, 575, 576, 577, 578, 579, 583, 604, 605, 606, 607, 633, 634, 635, 638], "excluded_lines": [], "functions": {"_check_token_match": {"executed_lines": [83, 84, 85, 86, 87], "summary": {"covered_lines": 5, "num_statements": 5, "percent_covered": 100.0, "percent_covered_display": "100", "missing_lines": 0, "excluded_lines": 0, "percent_statements_covered": 100.0, "percent_statements_covered_display": "100"}, "missing_lines": [], "excluded_lines": [], "start_line": 76}, "debug_auth_required": {"executed_lines": [99, 101, 102, 114], "summary": {"covered_lines": 4, "num_statements": 4, "percent_covered": 100.0, "percent_covered_display": "100", "missing_lines": 0, "excluded_lines": 0, "percent_statements_covered": 100.0, "percent_statements_covered_display": "100"}, "missing_lines": [], "excluded_lines": [], "start_line": 92}, "debug_auth_required.wrapped": {"executed_lines": [103, 106, 111, 112], "summary": {"covered_lines": 4, "num_statements": 4, "percent_covered": 100.0, "percent_covered_display": "100", "missing_lines": 0, "excluded_lines": 0, "percent_statements_covered": 100.0, "percent_statements_covered_display": "100"}, "missing_lines": [], "excluded_lines": [], "start_line": 102}, "debug_admin_auth_required": {"executed_lines": [129, 131, 132, 142], "summary": {"covered_lines": 4, "num_statements": 4, "percent_covered": 100.0, "percent_covered_display": "100", "missing_lines": 0, "excluded_lines": 0, "percent_statements_covered": 100.0, "percent_statements_covered_display": "100"}, "missing_lines": [], "excluded_lines": [], "start_line": 117}, "debug_admin_auth_required.wrapped": {"executed_lines": [133, 134, 139, 140], "summary": {"covered_lines": 4, "num_statements": 4, "percent_covered": 100.0, "percent_covered_display": "100", "missing_lines": 0, "excluded_lines": 0, "percent_statements_covered": 100.0, "percent_statements_covered_display": "100"}, "missing_lines": [], "excluded_lines": [], "start_line": 132}, "_parse_since": {"executed_lines": [166, 167, 169, 172, 177, 178, 183, 184, 185, 191, 194, 195, 196, 198, 199, 200], "summary": {"covered_lines": 16, "num_statements": 17, "percent_covered": 94.11764705882354, "percent_covered_display": "94", "missing_lines": 1, "excluded_lines": 0, "percent_statements_covered": 94.11764705882354, "percent_statements_covered_display": "94"}, "missing_lines": [197], "excluded_lines": [], "start_line": 158}, "get_logs": {"executed_lines": [220, 221, 222, 223, 225, 226, 227, 228, 229, 234, 235, 237, 238, 239, 240, 241, 243, 244, 247, 248, 251, 252, 258, 259, 260, 261, 262, 264, 266], "summary": {"covered_lines": 29, "num_statements": 29, "percent_covered": 100.0, "percent_covered_display": "100", "missing_lines": 0, "excluded_lines": 0, "percent_statements_covered": 100.0, "percent_statements_covered_display": "100"}, "missing_lines": [], "excluded_lines": [], "start_line": 208}, "voice_hint_trace": {"executed_lines": [], "summary": {"covered_lines": 0, "num_statements": 14, "percent_covered": 0.0, "percent_covered_display": "0", "missing_lines": 14, "excluded_lines": 0, "percent_statements_covered": 0.0, "percent_statements_covered_display": "0"}, "missing_lines": [322, 327, 328, 329, 330, 331, 332, 334, 339, 344, 353, 360, 363, 365], "excluded_lines": [], "start_line": 310}, "_voice_hint_interpretation": {"executed_lines": [], "summary": {"covered_lines": 0, "num_statements": 22, "percent_covered": 0.0, "percent_covered_display": "0", "missing_lines": 22, "excluded_lines": 0, "percent_statements_covered": 0.0, "percent_statements_covered_display": "0"}, "missing_lines": [390, 391, 392, 397, 398, 403, 404, 410, 411, 412, 413, 417, 418, 424, 430, 431, 432, 433, 437, 438, 444, 450], "excluded_lines": [], "start_line": 386}, "client_error": {"executed_lines": [476, 483, 494, 497, 498, 499, 500, 501, 502, 505, 506, 507, 508, 509, 510, 511, 512, 516, 517, 519, 529, 532, 533, 535, 537], "summary": {"covered_lines": 25, "num_statements": 25, "percent_covered": 100.0, "percent_covered_display": "100", "missing_lines": 0, "excluded_lines": 0, "percent_statements_covered": 100.0, "percent_statements_covered_display": "100"}, "missing_lines": [], "excluded_lines": [], "start_line": 459}, "client_error._capped": {"executed_lines": [484, 485, 486, 487], "summary": {"covered_lines": 4, "num_statements": 4, "percent_covered": 100.0, "percent_covered_display": "100", "missing_lines": 0, "excluded_lines": 0, "percent_statements_covered": 100.0, "percent_statements_covered_display": "100"}, "missing_lines": [], "excluded_lines": [], "start_line": 483}, "client_error._no_ctrl": {"executed_lines": [495], "summary": {"covered_lines": 1, "num_statements": 1, "percent_covered": 100.0, "percent_covered_display": "100", "missing_lines": 0, "excluded_lines": 0, "percent_statements_covered": 100.0, "percent_statements_covered_display": "100"}, "missing_lines": [], "excluded_lines": [], "start_line": 494}, "backfill_task_goal_from_project": {"executed_lines": [], "summary": {"covered_lines": 0, "num_statements": 17, "percent_covered": 0.0, "percent_covered_display": "0", "missing_lines": 17, "excluded_lines": 0, "percent_statements_covered": 0.0, "percent_statements_covered_display": "0"}, "missing_lines": [560, 562, 565, 567, 568, 569, 570, 571, 572, 573, 574, 575, 576, 577, 578, 579, 583], "excluded_lines": [], "start_line": 545}, "realign_tiers": {"executed_lines": [], "summary": {"covered_lines": 0, "num_statements": 4, "percent_covered": 0.0, "percent_covered_display": "0", "missing_lines": 4, "excluded_lines": 0, "percent_statements_covered": 0.0, "percent_statements_covered_display": "0"}, "missing_lines": [604, 605, 606, 607], "excluded_lines": [], "start_line": 592}, "backfill_clear_stale_next_week_due_dates_endpoint": {"executed_lines": [], "summary": {"covered_lines": 0, "num_statements": 4, "percent_covered": 0.0, "percent_covered_display": "0", "missing_lines": 4, "excluded_lines": 0, "percent_statements_covered": 0.0, "percent_statements_covered_display": "0"}, "missing_lines": [633, 634, 635, 638], "excluded_lines": [], "start_line": 612}, "backfill_today_tomorrow_due_date": {"executed_lines": [659, 661, 662, 669, 670, 672, 679, 686, 687, 688, 689, 690, 691, 695], "summary": {"covered_lines": 14, "num_statements": 14, "percent_covered": 100.0, "percent_covered_display": "100", "missing_lines": 0, "excluded_lines": 0, "percent_statements_covered": 100.0, "percent_statements_covered_display": "100"}, "missing_lines": [], "excluded_lines": [], "start_line": 643}, "backfill_project_colors": {"executed_lines": [716, 717, 719, 720, 723, 724, 725, 726, 727, 728, 729, 730, 731, 735, 736, 737, 741], "summary": {"covered_lines": 17, "num_statements": 17, "percent_covered": 100.0, "percent_covered_display": "100", "missing_lines": 0, "excluded_lines": 0, "percent_statements_covered": 100.0, "percent_statements_covered_display": "100"}, "missing_lines": [], "excluded_lines": [], "start_line": 703}, "": {"executed_lines": [12, 14, 15, 16, 17, 18, 19, 21, 22, 24, 25, 26, 27, 35, 40, 76, 92, 117, 144, 146, 150, 151, 152, 155, 158, 206, 207, 208, 308, 309, 310, 386, 456, 457, 458, 459, 543, 544, 545, 590, 591, 592, 610, 611, 612, 641, 642, 643, 701, 702, 703], "summary": {"covered_lines": 51, "num_statements": 51, "percent_covered": 100.0, "percent_covered_display": "100", "missing_lines": 0, "excluded_lines": 0, "percent_statements_covered": 100.0, "percent_statements_covered_display": "100"}, "missing_lines": [], "excluded_lines": [], "start_line": 1}}, "classes": {"": {"executed_lines": [12, 14, 15, 16, 17, 18, 19, 21, 22, 24, 25, 26, 27, 35, 40, 76, 83, 84, 85, 86, 87, 92, 99, 101, 102, 103, 106, 111, 112, 114, 117, 129, 131, 132, 133, 134, 139, 140, 142, 144, 146, 150, 151, 152, 155, 158, 166, 167, 169, 172, 177, 178, 183, 184, 185, 191, 194, 195, 196, 198, 199, 200, 206, 207, 208, 220, 221, 222, 223, 225, 226, 227, 228, 229, 234, 235, 237, 238, 239, 240, 241, 243, 244, 247, 248, 251, 252, 258, 259, 260, 261, 262, 264, 266, 308, 309, 310, 386, 456, 457, 458, 459, 476, 483, 484, 485, 486, 487, 494, 495, 497, 498, 499, 500, 501, 502, 505, 506, 507, 508, 509, 510, 511, 512, 516, 517, 519, 529, 532, 533, 535, 537, 543, 544, 545, 590, 591, 592, 610, 611, 612, 641, 642, 643, 659, 661, 662, 669, 670, 672, 679, 686, 687, 688, 689, 690, 691, 695, 701, 702, 703, 716, 717, 719, 720, 723, 724, 725, 726, 727, 728, 729, 730, 731, 735, 736, 737, 741], "summary": {"covered_lines": 178, "num_statements": 240, "percent_covered": 74.16666666666667, "percent_covered_display": "74", "missing_lines": 62, "excluded_lines": 0, "percent_statements_covered": 74.16666666666667, "percent_statements_covered_display": "74"}, "missing_lines": [197, 322, 327, 328, 329, 330, 331, 332, 334, 339, 344, 353, 360, 363, 365, 390, 391, 392, 397, 398, 403, 404, 410, 411, 412, 413, 417, 418, 424, 430, 431, 432, 433, 437, 438, 444, 450, 560, 562, 565, 567, 568, 569, 570, 571, 572, 573, 574, 575, 576, 577, 578, 579, 583, 604, 605, 606, 607, 633, 634, 635, 638], "excluded_lines": [], "start_line": 1}}}, "digest_api.py": {"executed_lines": [8, 10, 12, 14, 15, 16, 18, 21, 22, 23, 31, 32, 33, 36, 37, 38, 39, 45, 46, 47, 54, 55, 56, 57], "summary": {"covered_lines": 24, "num_statements": 24, "percent_covered": 100.0, "percent_covered_display": "100", "missing_lines": 0, "excluded_lines": 0, "percent_statements_covered": 100.0, "percent_statements_covered_display": "100"}, "missing_lines": [], "excluded_lines": [], "functions": {"preview": {"executed_lines": [31, 32, 33], "summary": {"covered_lines": 3, "num_statements": 3, "percent_covered": 100.0, "percent_covered_display": "100", "missing_lines": 0, "excluded_lines": 0, "percent_statements_covered": 100.0, "percent_statements_covered_display": "100"}, "missing_lines": [], "excluded_lines": [], "start_line": 23}, "send_now": {"executed_lines": [45, 46, 47, 54, 55, 56, 57], "summary": {"covered_lines": 7, "num_statements": 7, "percent_covered": 100.0, "percent_covered_display": "100", "missing_lines": 0, "excluded_lines": 0, "percent_statements_covered": 100.0, "percent_statements_covered_display": "100"}, "missing_lines": [], "excluded_lines": [], "start_line": 39}, "": {"executed_lines": [8, 10, 12, 14, 15, 16, 18, 21, 22, 23, 36, 37, 38, 39], "summary": {"covered_lines": 14, "num_statements": 14, "percent_covered": 100.0, "percent_covered_display": "100", "missing_lines": 0, "excluded_lines": 0, "percent_statements_covered": 100.0, "percent_statements_covered_display": "100"}, "missing_lines": [], "excluded_lines": [], "start_line": 1}}, "classes": {"": {"executed_lines": [8, 10, 12, 14, 15, 16, 18, 21, 22, 23, 31, 32, 33, 36, 37, 38, 39, 45, 46, 47, 54, 55, 56, 57], "summary": {"covered_lines": 24, "num_statements": 24, "percent_covered": 100.0, "percent_covered_display": "100", "missing_lines": 0, "excluded_lines": 0, "percent_statements_covered": 100.0, "percent_statements_covered_display": "100"}, "missing_lines": [], "excluded_lines": [], "start_line": 1}}}, "digest_service.py": {"executed_lines": [22, 24, 25, 26, 27, 29, 30, 31, 33, 35, 38, 49, 50, 51, 52, 53, 56, 62, 64, 67, 79, 80, 81, 83, 89, 90, 91, 93, 98, 103, 104, 105, 106, 107, 108, 109, 110, 115, 116, 122, 129, 131, 135, 140, 145, 155, 181, 193, 194, 196, 197, 198, 199, 201, 202, 204, 205, 206, 207, 208, 210, 211, 212, 213, 214, 217, 219, 220, 221, 222, 226, 231, 232, 233, 234, 235, 236, 237, 239, 241, 242, 244, 246, 249, 251, 254, 260, 261, 264, 273, 274, 275, 276, 277, 278, 279, 280, 282, 283, 286, 287, 290, 312, 313, 314, 315, 316, 317, 318, 319, 321, 322, 324, 325, 326, 328, 331, 349, 350, 352, 354, 355, 362, 363, 364, 365, 366, 367, 372, 373, 374], "summary": {"covered_lines": 131, "num_statements": 140, "percent_covered": 93.57142857142857, "percent_covered_display": "94", "missing_lines": 9, "excluded_lines": 0, "percent_statements_covered": 93.57142857142857, "percent_statements_covered_display": "94"}, "missing_lines": [63, 238, 240, 247, 284, 378, 380, 381, 382], "excluded_lines": [], "functions": {"_safe_app_url": {"executed_lines": [49, 50, 51, 52, 53], "summary": {"covered_lines": 5, "num_statements": 5, "percent_covered": 100.0, "percent_covered_display": "100", "missing_lines": 0, "excluded_lines": 0, "percent_statements_covered": 100.0, "percent_statements_covered_display": "100"}, "missing_lines": [], "excluded_lines": [], "start_line": 38}, "_sanitize": {"executed_lines": [62, 64], "summary": {"covered_lines": 2, "num_statements": 3, "percent_covered": 66.66666666666667, "percent_covered_display": "67", "missing_lines": 1, "excluded_lines": 0, "percent_statements_covered": 66.66666666666667, "percent_statements_covered_display": "67"}, "missing_lines": [63], "excluded_lines": [], "start_line": 56}, "_build_digest_data": {"executed_lines": [79, 80, 81, 83, 89, 90, 91, 93, 98, 103, 104, 105, 106, 107, 108, 109, 110, 115, 116, 122, 129, 131, 155], "summary": {"covered_lines": 23, "num_statements": 23, "percent_covered": 100.0, "percent_covered_display": "100", "missing_lines": 0, "excluded_lines": 0, "percent_statements_covered": 100.0, "percent_statements_covered_display": "100"}, "missing_lines": [], "excluded_lines": [], "start_line": 67}, "_build_digest_data._task_view": {"executed_lines": [135, 140, 145], "summary": {"covered_lines": 3, "num_statements": 3, "percent_covered": 100.0, "percent_covered_display": "100", "missing_lines": 0, "excluded_lines": 0, "percent_statements_covered": 100.0, "percent_statements_covered_display": "100"}, "missing_lines": [], "excluded_lines": [], "start_line": 131}, "build_digest": {"executed_lines": [193, 194, 196, 197, 198, 199, 201, 202, 204, 205, 206, 207, 208, 210, 211, 212, 213, 214, 217, 219, 220, 221, 222, 226, 231, 232, 233, 234, 235, 236, 237, 239, 241, 242, 244, 246, 249, 251], "summary": {"covered_lines": 38, "num_statements": 41, "percent_covered": 92.6829268292683, "percent_covered_display": "93", "missing_lines": 3, "excluded_lines": 0, "percent_statements_covered": 92.6829268292683, "percent_statements_covered_display": "93"}, "missing_lines": [238, 240, 247], "excluded_lines": [], "start_line": 181}, "build_digest_html": {"executed_lines": [260, 261], "summary": {"covered_lines": 2, "num_statements": 2, "percent_covered": 100.0, "percent_covered_display": "100", "missing_lines": 0, "excluded_lines": 0, "percent_statements_covered": 100.0, "percent_statements_covered_display": "100"}, "missing_lines": [], "excluded_lines": [], "start_line": 254}, "_format_task_line": {"executed_lines": [273, 274, 275, 276, 277, 278, 279, 280, 282, 283, 286, 287], "summary": {"covered_lines": 12, "num_statements": 13, "percent_covered": 92.3076923076923, "percent_covered_display": "92", "missing_lines": 1, "excluded_lines": 0, "percent_statements_covered": 92.3076923076923, "percent_statements_covered_display": "92"}, "missing_lines": [284], "excluded_lines": [], "start_line": 264}, "send_digest": {"executed_lines": [312, 313, 314, 315, 316, 317, 318, 319, 321, 322, 324, 325, 326, 328], "summary": {"covered_lines": 14, "num_statements": 14, "percent_covered": 100.0, "percent_covered_display": "100", "missing_lines": 0, "excluded_lines": 0, "percent_statements_covered": 100.0, "percent_statements_covered_display": "100"}, "missing_lines": [], "excluded_lines": [], "start_line": 290}, "_sendgrid_send": {"executed_lines": [349, 350, 352, 354, 355, 362, 363, 364, 365, 366, 367, 372, 373, 374], "summary": {"covered_lines": 14, "num_statements": 18, "percent_covered": 77.77777777777777, "percent_covered_display": "78", "missing_lines": 4, "excluded_lines": 0, "percent_statements_covered": 77.77777777777777, "percent_statements_covered_display": "78"}, "missing_lines": [378, 380, 381, 382], "excluded_lines": [], "start_line": 331}, "": {"executed_lines": [22, 24, 25, 26, 27, 29, 30, 31, 33, 35, 38, 56, 67, 181, 254, 264, 290, 331], "summary": {"covered_lines": 18, "num_statements": 18, "percent_covered": 100.0, "percent_covered_display": "100", "missing_lines": 0, "excluded_lines": 0, "percent_statements_covered": 100.0, "percent_statements_covered_display": "100"}, "missing_lines": [], "excluded_lines": [], "start_line": 1}}, "classes": {"": {"executed_lines": [22, 24, 25, 26, 27, 29, 30, 31, 33, 35, 38, 49, 50, 51, 52, 53, 56, 62, 64, 67, 79, 80, 81, 83, 89, 90, 91, 93, 98, 103, 104, 105, 106, 107, 108, 109, 110, 115, 116, 122, 129, 131, 135, 140, 145, 155, 181, 193, 194, 196, 197, 198, 199, 201, 202, 204, 205, 206, 207, 208, 210, 211, 212, 213, 214, 217, 219, 220, 221, 222, 226, 231, 232, 233, 234, 235, 236, 237, 239, 241, 242, 244, 246, 249, 251, 254, 260, 261, 264, 273, 274, 275, 276, 277, 278, 279, 280, 282, 283, 286, 287, 290, 312, 313, 314, 315, 316, 317, 318, 319, 321, 322, 324, 325, 326, 328, 331, 349, 350, 352, 354, 355, 362, 363, 364, 365, 366, 367, 372, 373, 374], "summary": {"covered_lines": 131, "num_statements": 140, "percent_covered": 93.57142857142857, "percent_covered_display": "94", "missing_lines": 9, "excluded_lines": 0, "percent_statements_covered": 93.57142857142857, "percent_statements_covered_display": "94"}, "missing_lines": [63, 238, 240, 247, 284, 378, 380, 381, 382], "excluded_lines": [], "start_line": 1}}}, "egress.py": {"executed_lines": [27, 29, 30, 31, 32, 33, 34, 36, 41, 49, 50, 60, 67, 71, 90, 92, 93, 94, 95, 97, 98, 100, 101, 102, 103, 108, 141, 142, 144, 145, 146, 147, 148, 149, 150, 156, 157, 158, 161, 162, 167, 168, 170, 172, 173, 177, 178, 179, 180, 181, 188, 189, 193, 199, 238, 239, 240, 242, 245, 248, 252, 253, 254, 255, 256, 257, 258, 259, 264, 265, 266, 267], "summary": {"covered_lines": 72, "num_statements": 82, "percent_covered": 87.8048780487805, "percent_covered_display": "88", "missing_lines": 10, "excluded_lines": 0, "percent_statements_covered": 87.8048780487805, "percent_statements_covered_display": "88"}, "missing_lines": [68, 91, 96, 99, 104, 105, 151, 159, 163, 169], "excluded_lines": [], "functions": {"_is_disallowed_ip": {"executed_lines": [50], "summary": {"covered_lines": 1, "num_statements": 1, "percent_covered": 100.0, "percent_covered_display": "100", "missing_lines": 0, "excluded_lines": 0, "percent_statements_covered": 100.0, "percent_statements_covered_display": "100"}, "missing_lines": [], "excluded_lines": [], "start_line": 49}, "_NoRedirect.redirect_request": {"executed_lines": [], "summary": {"covered_lines": 0, "num_statements": 1, "percent_covered": 0.0, "percent_covered_display": "0", "missing_lines": 1, "excluded_lines": 0, "percent_statements_covered": 0.0, "percent_statements_covered_display": "0"}, "missing_lines": [68], "excluded_lines": [], "start_line": 67}, "is_user_url_allowed": {"executed_lines": [90, 92, 93, 94, 95, 97, 98, 100, 101, 102, 103], "summary": {"covered_lines": 11, "num_statements": 16, "percent_covered": 68.75, "percent_covered_display": "69", "missing_lines": 5, "excluded_lines": 0, "percent_statements_covered": 68.75, "percent_statements_covered_display": "69"}, "missing_lines": [91, 96, 99, 104, 105], "excluded_lines": [], "start_line": 71}, "safe_fetch_user_url": {"executed_lines": [141, 142, 144, 145, 146, 147, 148, 149, 150, 156, 157, 158, 161, 162, 167, 168, 170, 172, 173, 177, 178, 179, 180, 181, 188, 189, 193], "summary": {"covered_lines": 27, "num_statements": 31, "percent_covered": 87.09677419354838, "percent_covered_display": "87", "missing_lines": 4, "excluded_lines": 0, "percent_statements_covered": 87.09677419354838, "percent_statements_covered_display": "87"}, "missing_lines": [151, 159, 163, 169], "excluded_lines": [], "start_line": 108}, "safe_call_api": {"executed_lines": [238, 239, 240, 242, 245, 248, 252, 253, 254, 255, 256, 257, 258, 259, 264, 265, 266, 267], "summary": {"covered_lines": 18, "num_statements": 18, "percent_covered": 100.0, "percent_covered_display": "100", "missing_lines": 0, "excluded_lines": 0, "percent_statements_covered": 100.0, "percent_statements_covered_display": "100"}, "missing_lines": [], "excluded_lines": [], "start_line": 199}, "": {"executed_lines": [27, 29, 30, 31, 32, 33, 34, 36, 41, 49, 60, 67, 71, 108, 199], "summary": {"covered_lines": 15, "num_statements": 15, "percent_covered": 100.0, "percent_covered_display": "100", "missing_lines": 0, "excluded_lines": 0, "percent_statements_covered": 100.0, "percent_statements_covered_display": "100"}, "missing_lines": [], "excluded_lines": [], "start_line": 1}}, "classes": {"EgressError": {"executed_lines": [], "summary": {"covered_lines": 0, "num_statements": 0, "percent_covered": 100.0, "percent_covered_display": "100", "missing_lines": 0, "excluded_lines": 0, "percent_statements_covered": 100.0, "percent_statements_covered_display": "100"}, "missing_lines": [], "excluded_lines": [], "start_line": 41}, "_NoRedirect": {"executed_lines": [], "summary": {"covered_lines": 0, "num_statements": 1, "percent_covered": 0.0, "percent_covered_display": "0", "missing_lines": 1, "excluded_lines": 0, "percent_statements_covered": 0.0, "percent_statements_covered_display": "0"}, "missing_lines": [68], "excluded_lines": [], "start_line": 60}, "": {"executed_lines": [27, 29, 30, 31, 32, 33, 34, 36, 41, 49, 50, 60, 67, 71, 90, 92, 93, 94, 95, 97, 98, 100, 101, 102, 103, 108, 141, 142, 144, 145, 146, 147, 148, 149, 150, 156, 157, 158, 161, 162, 167, 168, 170, 172, 173, 177, 178, 179, 180, 181, 188, 189, 193, 199, 238, 239, 240, 242, 245, 248, 252, 253, 254, 255, 256, 257, 258, 259, 264, 265, 266, 267], "summary": {"covered_lines": 72, "num_statements": 81, "percent_covered": 88.88888888888889, "percent_covered_display": "89", "missing_lines": 9, "excluded_lines": 0, "percent_statements_covered": 88.88888888888889, "percent_statements_covered_display": "89"}, "missing_lines": [91, 96, 99, 104, 105, 151, 159, 163, 169], "excluded_lines": [], "start_line": 1}}}, "errors.py": {"executed_lines": [28, 30, 31, 33, 34, 39, 42, 46, 47, 53, 57, 60, 75, 76, 78, 79, 80, 82, 83, 87, 88, 92, 93, 101, 102, 107, 108, 109, 115, 116, 123, 125, 135, 136, 137, 147, 165, 166, 167, 170, 171, 183, 189, 190, 191, 195, 197, 201, 202, 206, 207, 209], "summary": {"covered_lines": 52, "num_statements": 61, "percent_covered": 85.24590163934427, "percent_covered_display": "85", "missing_lines": 9, "excluded_lines": 2, "percent_statements_covered": 85.24590163934427, "percent_statements_covered_display": "85"}, "missing_lines": [48, 50, 94, 96, 97, 99, 129, 130, 192], "excluded_lines": [36, 37], "functions": {"_request_id": {"executed_lines": [46, 47], "summary": {"covered_lines": 2, "num_statements": 4, "percent_covered": 50.0, "percent_covered_display": "50", "missing_lines": 2, "excluded_lines": 0, "percent_statements_covered": 50.0, "percent_statements_covered_display": "50"}, "missing_lines": [48, 50], "excluded_lines": [], "start_line": 42}, "_is_api": {"executed_lines": [57], "summary": {"covered_lines": 1, "num_statements": 1, "percent_covered": 100.0, "percent_covered_display": "100", "missing_lines": 0, "excluded_lines": 0, "percent_statements_covered": 100.0, "percent_statements_covered_display": "100"}, "missing_lines": [], "excluded_lines": [], "start_line": 53}, "register_error_handlers": {"executed_lines": [75, 76, 78, 79, 101, 102, 115, 116], "summary": {"covered_lines": 8, "num_statements": 10, "percent_covered": 80.0, "percent_covered_display": "80", "missing_lines": 2, "excluded_lines": 0, "percent_statements_covered": 80.0, "percent_statements_covered_display": "80"}, "missing_lines": [97, 99], "excluded_lines": [], "start_line": 60}, "register_error_handlers.handle_oauth_state_mismatch": {"executed_lines": [80, 82, 83, 87, 88, 92, 93], "summary": {"covered_lines": 7, "num_statements": 9, "percent_covered": 77.77777777777777, "percent_covered_display": "78", "missing_lines": 2, "excluded_lines": 0, "percent_statements_covered": 77.77777777777777, "percent_statements_covered_display": "78"}, "missing_lines": [94, 96], "excluded_lines": [], "start_line": 79}, "register_error_handlers.handle_http_exception": {"executed_lines": [107, 108, 109], "summary": {"covered_lines": 3, "num_statements": 3, "percent_covered": 100.0, "percent_covered_display": "100", "missing_lines": 0, "excluded_lines": 0, "percent_statements_covered": 100.0, "percent_statements_covered_display": "100"}, "missing_lines": [], "excluded_lines": [], "start_line": 102}, "register_error_handlers.handle_uncaught": {"executed_lines": [123, 125, 135, 136, 137], "summary": {"covered_lines": 5, "num_statements": 7, "percent_covered": 71.42857142857143, "percent_covered_display": "71", "missing_lines": 2, "excluded_lines": 0, "percent_statements_covered": 71.42857142857143, "percent_statements_covered_display": "71"}, "missing_lines": [129, 130], "excluded_lines": [], "start_line": 116}, "_shape_message": {"executed_lines": [165, 166, 167, 170, 171, 183, 189, 190, 191], "summary": {"covered_lines": 9, "num_statements": 10, "percent_covered": 90.0, "percent_covered_display": "90", "missing_lines": 1, "excluded_lines": 0, "percent_statements_covered": 90.0, "percent_statements_covered_display": "90"}, "missing_lines": [192], "excluded_lines": [], "start_line": 147}, "_classify_status": {"executed_lines": [197, 201, 202, 206, 207, 209], "summary": {"covered_lines": 6, "num_statements": 6, "percent_covered": 100.0, "percent_covered_display": "100", "missing_lines": 0, "excluded_lines": 0, "percent_statements_covered": 100.0, "percent_statements_covered_display": "100"}, "missing_lines": [], "excluded_lines": [], "start_line": 195}, "": {"executed_lines": [28, 30, 31, 33, 34, 39, 42, 53, 60, 147, 195], "summary": {"covered_lines": 11, "num_statements": 11, "percent_covered": 100.0, "percent_covered_display": "100", "missing_lines": 0, "excluded_lines": 2, "percent_statements_covered": 100.0, "percent_statements_covered_display": "100"}, "missing_lines": [], "excluded_lines": [36, 37], "start_line": 1}}, "classes": {"": {"executed_lines": [28, 30, 31, 33, 34, 39, 42, 46, 47, 53, 57, 60, 75, 76, 78, 79, 80, 82, 83, 87, 88, 92, 93, 101, 102, 107, 108, 109, 115, 116, 123, 125, 135, 136, 137, 147, 165, 166, 167, 170, 171, 183, 189, 190, 191, 195, 197, 201, 202, 206, 207, 209], "summary": {"covered_lines": 52, "num_statements": 61, "percent_covered": 85.24590163934427, "percent_covered_display": "85", "missing_lines": 9, "excluded_lines": 2, "percent_statements_covered": 85.24590163934427, "percent_statements_covered_display": "85"}, "missing_lines": [48, 50, 94, 96, 97, 99, 129, 130, 192], "excluded_lines": [36, 37], "start_line": 1}}}, "goal_service.py": {"executed_lines": [2, 4, 5, 7, 9, 18, 22, 25, 27, 33, 34, 35, 36, 38, 39, 40, 42, 43, 44, 46, 56, 57, 58, 61, 62, 65, 72, 73, 74, 75, 76, 77, 78, 79, 80, 81, 82, 85, 98, 99, 100, 101, 103, 104, 105, 106, 107, 109, 110, 112, 113, 115, 116, 118, 119, 121, 122, 124, 125, 127, 128, 130, 131, 132, 133, 135, 136, 137, 139, 140, 143, 151, 152, 153, 154, 155, 156, 157, 163, 176, 179, 193, 197, 205, 206, 207, 209, 210, 211, 212, 213, 215, 216, 217, 223], "summary": {"covered_lines": 95, "num_statements": 96, "percent_covered": 98.95833333333333, "percent_covered_display": "99", "missing_lines": 1, "excluded_lines": 0, "percent_statements_covered": 98.95833333333333, "percent_statements_covered_display": "99"}, "missing_lines": [194], "excluded_lines": [], "functions": {"_parse_int": {"executed_lines": [27], "summary": {"covered_lines": 1, "num_statements": 1, "percent_covered": 100.0, "percent_covered_display": "100", "missing_lines": 0, "excluded_lines": 0, "percent_statements_covered": 100.0, "percent_statements_covered_display": "100"}, "missing_lines": [], "excluded_lines": [], "start_line": 25}, "create_goal": {"executed_lines": [34, 35, 36, 38, 39, 40, 42, 43, 44, 46, 56, 57, 58], "summary": {"covered_lines": 13, "num_statements": 13, "percent_covered": 100.0, "percent_covered_display": "100", "missing_lines": 0, "excluded_lines": 0, "percent_statements_covered": 100.0, "percent_statements_covered_display": "100"}, "missing_lines": [], "excluded_lines": [], "start_line": 33}, "get_goal": {"executed_lines": [62], "summary": {"covered_lines": 1, "num_statements": 1, "percent_covered": 100.0, "percent_covered_display": "100", "missing_lines": 0, "excluded_lines": 0, "percent_statements_covered": 100.0, "percent_statements_covered_display": "100"}, "missing_lines": [], "excluded_lines": [], "start_line": 61}, "list_goals": {"executed_lines": [72, 73, 74, 75, 76, 77, 78, 79, 80, 81, 82], "summary": {"covered_lines": 11, "num_statements": 11, "percent_covered": 100.0, "percent_covered_display": "100", "missing_lines": 0, "excluded_lines": 0, "percent_statements_covered": 100.0, "percent_statements_covered_display": "100"}, "missing_lines": [], "excluded_lines": [], "start_line": 65}, "update_goal": {"executed_lines": [99, 100, 101, 103, 104, 105, 106, 107, 109, 110, 112, 113, 115, 116, 118, 119, 121, 122, 124, 125, 127, 128, 130, 131, 132, 133, 135, 136, 137, 139, 140], "summary": {"covered_lines": 31, "num_statements": 31, "percent_covered": 100.0, "percent_covered_display": "100", "missing_lines": 0, "excluded_lines": 0, "percent_statements_covered": 100.0, "percent_statements_covered_display": "100"}, "missing_lines": [], "excluded_lines": [], "start_line": 98}, "delete_goal": {"executed_lines": [151, 152, 153, 154, 155, 156, 157], "summary": {"covered_lines": 7, "num_statements": 7, "percent_covered": 100.0, "percent_covered_display": "100", "missing_lines": 0, "excluded_lines": 0, "percent_statements_covered": 100.0, "percent_statements_covered_display": "100"}, "missing_lines": [], "excluded_lines": [], "start_line": 143}, "goal_progress": {"executed_lines": [176], "summary": {"covered_lines": 1, "num_statements": 1, "percent_covered": 100.0, "percent_covered_display": "100", "missing_lines": 0, "excluded_lines": 0, "percent_statements_covered": 100.0, "percent_statements_covered_display": "100"}, "missing_lines": [], "excluded_lines": [], "start_line": 163}, "goal_progress_batch": {"executed_lines": [193, 197, 205, 206, 207, 209, 210, 211, 212, 213, 215, 216, 217, 223], "summary": {"covered_lines": 14, "num_statements": 15, "percent_covered": 93.33333333333333, "percent_covered_display": "93", "missing_lines": 1, "excluded_lines": 0, "percent_statements_covered": 93.33333333333333, "percent_statements_covered_display": "93"}, "missing_lines": [194], "excluded_lines": [], "start_line": 179}, "": {"executed_lines": [2, 4, 5, 7, 9, 18, 22, 25, 33, 61, 65, 85, 98, 143, 163, 179], "summary": {"covered_lines": 16, "num_statements": 16, "percent_covered": 100.0, "percent_covered_display": "100", "missing_lines": 0, "excluded_lines": 0, "percent_statements_covered": 100.0, "percent_statements_covered_display": "100"}, "missing_lines": [], "excluded_lines": [], "start_line": 1}}, "classes": {"": {"executed_lines": [2, 4, 5, 7, 9, 18, 22, 25, 27, 33, 34, 35, 36, 38, 39, 40, 42, 43, 44, 46, 56, 57, 58, 61, 62, 65, 72, 73, 74, 75, 76, 77, 78, 79, 80, 81, 82, 85, 98, 99, 100, 101, 103, 104, 105, 106, 107, 109, 110, 112, 113, 115, 116, 118, 119, 121, 122, 124, 125, 127, 128, 130, 131, 132, 133, 135, 136, 137, 139, 140, 143, 151, 152, 153, 154, 155, 156, 157, 163, 176, 179, 193, 197, 205, 206, 207, 209, 210, 211, 212, 213, 215, 216, 217, 223], "summary": {"covered_lines": 95, "num_statements": 96, "percent_covered": 98.95833333333333, "percent_covered_display": "99", "missing_lines": 1, "excluded_lines": 0, "percent_statements_covered": 98.95833333333333, "percent_statements_covered_display": "99"}, "missing_lines": [194], "excluded_lines": [], "start_line": 1}}}, "goals_api.py": {"executed_lines": [2, 4, 6, 8, 9, 19, 20, 21, 23, 26, 37, 51, 52, 53, 55, 56, 59, 60, 61, 62, 63, 64, 65, 66, 67, 68, 69, 70, 72, 73, 74, 75, 78, 80, 82, 83, 86, 87, 88, 89, 90, 91, 92, 93, 94, 95, 98, 99, 100, 101, 102, 103, 104, 107, 108, 109, 110, 111, 112, 113, 114, 115, 116, 117, 118, 121, 122, 123, 124, 125, 126, 129, 130, 131, 132, 133, 134, 135], "summary": {"covered_lines": 78, "num_statements": 79, "percent_covered": 98.73417721518987, "percent_covered_display": "99", "missing_lines": 1, "excluded_lines": 0, "percent_statements_covered": 98.73417721518987, "percent_statements_covered_display": "99"}, "missing_lines": [76], "excluded_lines": [], "functions": {"_serialize": {"executed_lines": [37, 51, 52, 53, 55, 56], "summary": {"covered_lines": 6, "num_statements": 6, "percent_covered": 100.0, "percent_covered_display": "100", "missing_lines": 0, "excluded_lines": 0, "percent_statements_covered": 100.0, "percent_statements_covered_display": "100"}, "missing_lines": [], "excluded_lines": [], "start_line": 26}, "index": {"executed_lines": [62, 63, 64, 65, 66, 67, 68, 69, 70, 72, 73, 74, 75, 78, 80, 82, 83], "summary": {"covered_lines": 17, "num_statements": 18, "percent_covered": 94.44444444444444, "percent_covered_display": "94", "missing_lines": 1, "excluded_lines": 0, "percent_statements_covered": 94.44444444444444, "percent_statements_covered_display": "94"}, "missing_lines": [76], "excluded_lines": [], "start_line": 61}, "create": {"executed_lines": [90, 91, 92, 93, 94, 95], "summary": {"covered_lines": 6, "num_statements": 6, "percent_covered": 100.0, "percent_covered_display": "100", "missing_lines": 0, "excluded_lines": 0, "percent_statements_covered": 100.0, "percent_statements_covered_display": "100"}, "missing_lines": [], "excluded_lines": [], "start_line": 89}, "show": {"executed_lines": [101, 102, 103, 104], "summary": {"covered_lines": 4, "num_statements": 4, "percent_covered": 100.0, "percent_covered_display": "100", "missing_lines": 0, "excluded_lines": 0, "percent_statements_covered": 100.0, "percent_statements_covered_display": "100"}, "missing_lines": [], "excluded_lines": [], "start_line": 100}, "patch": {"executed_lines": [111, 112, 113, 114, 115, 116, 117, 118], "summary": {"covered_lines": 8, "num_statements": 8, "percent_covered": 100.0, "percent_covered_display": "100", "missing_lines": 0, "excluded_lines": 0, "percent_statements_covered": 100.0, "percent_statements_covered_display": "100"}, "missing_lines": [], "excluded_lines": [], "start_line": 110}, "destroy": {"executed_lines": [124, 125, 126], "summary": {"covered_lines": 3, "num_statements": 3, "percent_covered": 100.0, "percent_covered_display": "100", "missing_lines": 0, "excluded_lines": 0, "percent_statements_covered": 100.0, "percent_statements_covered_display": "100"}, "missing_lines": [], "excluded_lines": [], "start_line": 123}, "progress": {"executed_lines": [132, 133, 134, 135], "summary": {"covered_lines": 4, "num_statements": 4, "percent_covered": 100.0, "percent_covered_display": "100", "missing_lines": 0, "excluded_lines": 0, "percent_statements_covered": 100.0, "percent_statements_covered_display": "100"}, "missing_lines": [], "excluded_lines": [], "start_line": 131}, "": {"executed_lines": [2, 4, 6, 8, 9, 19, 20, 21, 23, 26, 59, 60, 61, 86, 87, 88, 89, 98, 99, 100, 107, 108, 109, 110, 121, 122, 123, 129, 130, 131], "summary": {"covered_lines": 30, "num_statements": 30, "percent_covered": 100.0, "percent_covered_display": "100", "missing_lines": 0, "excluded_lines": 0, "percent_statements_covered": 100.0, "percent_statements_covered_display": "100"}, "missing_lines": [], "excluded_lines": [], "start_line": 1}}, "classes": {"": {"executed_lines": [2, 4, 6, 8, 9, 19, 20, 21, 23, 26, 37, 51, 52, 53, 55, 56, 59, 60, 61, 62, 63, 64, 65, 66, 67, 68, 69, 70, 72, 73, 74, 75, 78, 80, 82, 83, 86, 87, 88, 89, 90, 91, 92, 93, 94, 95, 98, 99, 100, 101, 102, 103, 104, 107, 108, 109, 110, 111, 112, 113, 114, 115, 116, 117, 118, 121, 122, 123, 124, 125, 126, 129, 130, 131, 132, 133, 134, 135], "summary": {"covered_lines": 78, "num_statements": 79, "percent_covered": 98.73417721518987, "percent_covered_display": "99", "missing_lines": 1, "excluded_lines": 0, "percent_statements_covered": 98.73417721518987, "percent_statements_covered_display": "99"}, "missing_lines": [76], "excluded_lines": [], "start_line": 1}}}, "health.py": {"executed_lines": [21, 23, 24, 25, 26, 27, 28, 33, 38, 42, 48, 51, 54, 63, 66, 78, 87, 94, 95, 96, 97, 103, 104, 106, 107, 108, 111, 113, 114, 115, 116, 117, 118, 119, 120, 121, 128, 138, 181, 187, 189, 190, 191, 192, 193, 196, 204, 205, 206, 209, 211, 212, 213, 214, 215, 216, 219, 229, 230, 267, 269, 270, 272, 273, 274, 275, 276, 277, 284, 295, 296, 301, 302, 303, 305, 306, 307, 308, 309, 312, 317, 333, 334, 336, 337, 338, 341, 343, 344, 346, 347, 352, 353, 357, 364, 365, 366, 369, 370, 372, 377, 378, 382, 383, 384, 385, 386, 387, 388, 389, 391, 398, 399, 400, 401, 402, 403, 404, 406, 408, 411, 413, 416, 417, 418, 436, 437, 439, 442, 457, 458, 459, 462, 463, 464, 465, 466, 468, 469, 470, 471, 472, 473, 474, 475, 477, 479, 480, 481, 482, 485, 489, 490, 491, 492, 495, 498, 499, 500, 501, 502, 504, 505, 506, 508, 509, 540, 549, 569, 570, 572, 573, 574, 575, 576, 577, 579, 580, 581, 583, 584, 589, 590, 591, 592, 596, 597, 598, 599, 600, 601, 604, 607, 608, 613, 621, 636, 637, 639, 653, 656, 657], "summary": {"covered_lines": 202, "num_statements": 245, "percent_covered": 82.44897959183673, "percent_covered_display": "82", "missing_lines": 43, "excluded_lines": 0, "percent_statements_covered": 82.44897959183673, "percent_statements_covered_display": "82"}, "missing_lines": [122, 123, 210, 232, 233, 234, 235, 237, 239, 240, 243, 244, 245, 247, 248, 249, 250, 251, 252, 253, 255, 256, 259, 260, 264, 278, 281, 342, 345, 354, 373, 374, 375, 390, 392, 393, 405, 578, 582, 593, 594, 609, 610], "excluded_lines": [], "functions": {"register_scheduler": {"executed_lines": [54], "summary": {"covered_lines": 1, "num_statements": 1, "percent_covered": 100.0, "percent_covered_display": "100", "missing_lines": 0, "excluded_lines": 0, "percent_statements_covered": 100.0, "percent_statements_covered_display": "100"}, "missing_lines": [], "excluded_lines": [], "start_line": 51}, "register_digest_schedule": {"executed_lines": [78], "summary": {"covered_lines": 1, "num_statements": 1, "percent_covered": 100.0, "percent_covered_display": "100", "missing_lines": 0, "excluded_lines": 0, "percent_statements_covered": 100.0, "percent_statements_covered_display": "100"}, "missing_lines": [], "excluded_lines": [], "start_line": 66}, "write_scheduler_heartbeat": {"executed_lines": [94, 95, 96, 97, 103, 104, 106, 107, 108], "summary": {"covered_lines": 9, "num_statements": 9, "percent_covered": 100.0, "percent_covered_display": "100", "missing_lines": 0, "excluded_lines": 0, "percent_statements_covered": 100.0, "percent_statements_covered_display": "100"}, "missing_lines": [], "excluded_lines": [], "start_line": 87}, "_read_fresh_heartbeat": {"executed_lines": [113, 114, 115, 116, 117, 118, 119, 120, 121], "summary": {"covered_lines": 9, "num_statements": 11, "percent_covered": 81.81818181818181, "percent_covered_display": "82", "missing_lines": 2, "excluded_lines": 0, "percent_statements_covered": 81.81818181818181, "percent_statements_covered_display": "82"}, "missing_lines": [122, 123], "excluded_lines": [], "start_line": 111}, "check_database": {"executed_lines": [189, 190, 191, 192, 193], "summary": {"covered_lines": 5, "num_statements": 5, "percent_covered": 100.0, "percent_covered_display": "100", "missing_lines": 0, "excluded_lines": 0, "percent_statements_covered": 100.0, "percent_statements_covered_display": "100"}, "missing_lines": [], "excluded_lines": [], "start_line": 187}, "check_env_vars": {"executed_lines": [204, 205, 206, 209, 211, 212, 213, 214, 215, 216], "summary": {"covered_lines": 10, "num_statements": 11, "percent_covered": 90.9090909090909, "percent_covered_display": "91", "missing_lines": 1, "excluded_lines": 0, "percent_statements_covered": 90.9090909090909, "percent_statements_covered_display": "91"}, "missing_lines": [210], "excluded_lines": [], "start_line": 196}, "check_migrations": {"executed_lines": [229, 230], "summary": {"covered_lines": 2, "num_statements": 24, "percent_covered": 8.333333333333334, "percent_covered_display": "8", "missing_lines": 22, "excluded_lines": 0, "percent_statements_covered": 8.333333333333334, "percent_statements_covered_display": "8"}, "missing_lines": [232, 233, 234, 235, 237, 239, 240, 243, 244, 245, 247, 248, 249, 250, 251, 252, 253, 255, 256, 259, 260, 264], "excluded_lines": [], "start_line": 219}, "check_tables": {"executed_lines": [269, 270, 272, 273, 274, 275, 276, 277], "summary": {"covered_lines": 8, "num_statements": 10, "percent_covered": 80.0, "percent_covered_display": "80", "missing_lines": 2, "excluded_lines": 0, "percent_statements_covered": 80.0, "percent_statements_covered_display": "80"}, "missing_lines": [278, 281], "excluded_lines": [], "start_line": 267}, "check_writable_db": {"executed_lines": [295, 296, 301, 302, 303, 305, 306, 307, 308, 309], "summary": {"covered_lines": 10, "num_statements": 10, "percent_covered": 100.0, "percent_covered_display": "100", "missing_lines": 0, "excluded_lines": 0, "percent_statements_covered": 100.0, "percent_statements_covered_display": "100"}, "missing_lines": [], "excluded_lines": [], "start_line": 284}, "check_encryption": {"executed_lines": [333, 334, 336, 337, 338, 341, 343, 344, 346, 347, 352, 353], "summary": {"covered_lines": 12, "num_statements": 15, "percent_covered": 80.0, "percent_covered_display": "80", "missing_lines": 3, "excluded_lines": 0, "percent_statements_covered": 80.0, "percent_statements_covered_display": "80"}, "missing_lines": [342, 345, 354], "excluded_lines": [], "start_line": 317}, "check_digest": {"executed_lines": [364, 365, 366, 369, 370, 372, 377, 378, 382, 383, 384, 385, 386, 387, 388, 389, 391, 398, 399, 400, 401, 402, 403, 404, 406, 408], "summary": {"covered_lines": 26, "num_statements": 33, "percent_covered": 78.78787878787878, "percent_covered_display": "79", "missing_lines": 7, "excluded_lines": 0, "percent_statements_covered": 78.78787878787878, "percent_statements_covered_display": "79"}, "missing_lines": [373, 374, 375, 390, 392, 393, 405], "excluded_lines": [], "start_line": 357
[...]
tatements_covered": 100.0, "percent_statements_covered_display": "100"}, "missing_lines": [], "excluded_lines": [], "start_line": 59}, "get_slot_count": {"executed_lines": [74, 77, 78, 79, 80, 81, 82, 83, 85], "summary": {"covered_lines": 9, "num_statements": 10, "percent_covered": 90.0, "percent_covered_display": "90", "missing_lines": 1, "excluded_lines": 0, "percent_statements_covered": 90.0, "percent_statements_covered_display": "90"}, "missing_lines": [84], "excluded_lines": [], "start_line": 67}, "set_slot_count": {"executed_lines": [90, 92, 93, 96, 97, 98, 101, 102], "summary": {"covered_lines": 8, "num_statements": 10, "percent_covered": 80.0, "percent_covered_display": "80", "missing_lines": 2, "excluded_lines": 0, "percent_statements_covered": 80.0, "percent_statements_covered_display": "80"}, "missing_lines": [91, 100], "excluded_lines": [], "start_line": 88}, "get_displayed_focus": {"executed_lines": [142, 143, 145, 151, 156, 158, 165, 166, 172, 175, 176, 177, 178, 181, 183], "summary": {"covered_lines": 15, "num_statements": 15, "percent_covered": 100.0, "percent_covered_display": "100", "missing_lines": 0, "excluded_lines": 0, "percent_statements_covered": 100.0, "percent_statements_covered_display": "100"}, "missing_lines": [], "excluded_lines": [], "start_line": 108}, "upsert_slot": {"executed_lines": [226, 227, 228, 231, 233, 234, 235, 238, 239, 240, 241, 242, 244, 245, 251, 252, 254, 259, 260, 267, 269, 270, 271, 272, 273], "summary": {"covered_lines": 25, "num_statements": 29, "percent_covered": 86.20689655172414, "percent_covered_display": "86", "missing_lines": 4, "excluded_lines": 0, "percent_statements_covered": 86.20689655172414, "percent_statements_covered_display": "86"}, "missing_lines": [246, 247, 248, 249], "excluded_lines": [], "start_line": 203}, "clear_slot": {"executed_lines": [285, 286, 290, 291, 297, 298, 299, 300, 301], "summary": {"covered_lines": 9, "num_statements": 10, "percent_covered": 90.0, "percent_covered_display": "90", "missing_lines": 1, "excluded_lines": 0, "percent_statements_covered": 90.0, "percent_statements_covered_display": "90"}, "missing_lines": [287], "excluded_lines": [], "start_line": 276}, "_format_projects_block": {"executed_lines": [370, 371], "summary": {"covered_lines": 2, "num_statements": 3, "percent_covered": 66.66666666666667, "percent_covered_display": "67", "missing_lines": 1, "excluded_lines": 0, "percent_statements_covered": 66.66666666666667, "percent_statements_covered_display": "67"}, "missing_lines": [372], "excluded_lines": [], "start_line": 369}, "_format_goals_block": {"executed_lines": [379, 380], "summary": {"covered_lines": 2, "num_statements": 3, "percent_covered": 66.66666666666667, "percent_covered_display": "67", "missing_lines": 1, "excluded_lines": 0, "percent_statements_covered": 66.66666666666667, "percent_statements_covered_display": "67"}, "missing_lines": [381], "excluded_lines": [], "start_line": 378}, "_format_tasks_block": {"executed_lines": [388, 389, 390, 391, 392, 393, 394, 398], "summary": {"covered_lines": 8, "num_statements": 8, "percent_covered": 100.0, "percent_covered_display": "100", "missing_lines": 0, "excluded_lines": 0, "percent_statements_covered": 100.0, "percent_statements_covered_display": "100"}, "missing_lines": [], "excluded_lines": [], "start_line": 387}, "_load_plan_context": {"executed_lines": [403, 410, 412, 413, 417, 418, 422], "summary": {"covered_lines": 7, "num_statements": 7, "percent_covered": 100.0, "percent_covered_display": "100", "missing_lines": 0, "excluded_lines": 0, "percent_statements_covered": 100.0, "percent_statements_covered_display": "100"}, "missing_lines": [], "excluded_lines": [], "start_line": 401}, "_build_plan_prompt": {"executed_lines": [429, 430, 431, 432, 433, 440], "summary": {"covered_lines": 6, "num_statements": 7, "percent_covered": 85.71428571428571, "percent_covered_display": "86", "missing_lines": 1, "excluded_lines": 0, "percent_statements_covered": 85.71428571428571, "percent_statements_covered_display": "86"}, "missing_lines": [434], "excluded_lines": [], "start_line": 425}, "_post_to_claude": {"executed_lines": [], "summary": {"covered_lines": 0, "num_statements": 2, "percent_covered": 0.0, "percent_covered_display": "0", "missing_lines": 2, "excluded_lines": 0, "percent_statements_covered": 0.0, "percent_statements_covered_display": "0"}, "missing_lines": [456, 458], "excluded_lines": [], "start_line": 453}, "_parse_claude_response": {"executed_lines": [467, 468, 469, 470, 483, 485, 486, 488], "summary": {"covered_lines": 8, "num_statements": 21, "percent_covered": 38.095238095238095, "percent_covered_display": "38", "missing_lines": 13, "excluded_lines": 0, "percent_statements_covered": 38.095238095238095, "percent_statements_covered_display": "38"}, "missing_lines": [471, 473, 474, 475, 476, 477, 478, 479, 480, 481, 482, 484, 487], "excluded_lines": [], "start_line": 463}, "_validate_change": {"executed_lines": [498, 500, 501, 502, 504, 506, 507, 508, 509, 510, 516, 517, 518, 520, 521, 522, 523, 524, 525, 526, 527, 528, 529, 530, 531, 532, 533, 536], "summary": {"covered_lines": 28, "num_statements": 34, "percent_covered": 82.3529411764706, "percent_covered_display": "82", "missing_lines": 6, "excluded_lines": 0, "percent_statements_covered": 82.3529411764706, "percent_statements_covered_display": "82"}, "missing_lines": [499, 503, 519, 534, 535, 544], "excluded_lines": [], "start_line": 491}, "plan_for_focus": {"executed_lines": [567, 568, 572, 574, 581, 582, 589, 596, 597, 599, 600, 601, 603, 604, 607, 609, 610, 611, 613, 614, 615, 616, 617, 622, 623, 625, 629], "summary": {"covered_lines": 27, "num_statements": 29, "percent_covered": 93.10344827586206, "percent_covered_display": "93", "missing_lines": 2, "excluded_lines": 0, "percent_statements_covered": 93.10344827586206, "percent_statements_covered_display": "93"}, "missing_lines": [569, 590], "excluded_lines": [], "start_line": 547}, "": {"executed_lines": [16, 18, 19, 20, 21, 22, 23, 25, 27, 39, 41, 46, 47, 48, 49, 52, 56, 59, 67, 88, 108, 203, 276, 310, 313, 369, 378, 387, 401, 425, 453, 463, 491, 547], "summary": {"covered_lines": 34, "num_statements": 34, "percent_covered": 100.0, "percent_covered_display": "100", "missing_lines": 0, "excluded_lines": 0, "percent_statements_covered": 100.0, "percent_statements_covered_display": "100"}, "missing_lines": [], "excluded_lines": [], "start_line": 1}}, "classes": {"": {"executed_lines": [16, 18, 19, 20, 21, 22, 23, 25, 27, 39, 41, 46, 47, 48, 49, 52, 56, 59, 61, 67, 74, 77, 78, 79, 80, 81, 82, 83, 85, 88, 90, 92, 93, 96, 97, 98, 101, 102, 108, 142, 143, 145, 151, 156, 158, 165, 166, 172, 175, 176, 177, 178, 181, 183, 203, 226, 227, 228, 231, 233, 234, 235, 238, 239, 240, 241, 242, 244, 245, 251, 252, 254, 259, 260, 267, 269, 270, 271, 272, 273, 276, 285, 286, 290, 291, 297, 298, 299, 300, 301, 310, 313, 369, 370, 371, 378, 379, 380, 387, 388, 389, 390, 391, 392, 393, 394, 398, 401, 403, 410, 412, 413, 417, 418, 422, 425, 429, 430, 431, 432, 433, 440, 453, 463, 467, 468, 469, 470, 483, 485, 486, 488, 491, 498, 500, 501, 502, 504, 506, 507, 508, 509, 510, 516, 517, 518, 520, 521, 522, 523, 524, 525, 526, 527, 528, 529, 530, 531, 532, 533, 536, 547, 567, 568, 572, 574, 581, 582, 589, 596, 597, 599, 600, 601, 603, 604, 607, 609, 610, 611, 613, 614, 615, 616, 617, 622, 623, 625, 629], "summary": {"covered_lines": 189, "num_statements": 223, "percent_covered": 84.75336322869956, "percent_covered_display": "85", "missing_lines": 34, "excluded_lines": 0, "percent_statements_covered": 84.75336322869956, "percent_statements_covered_display": "85"}, "missing_lines": [84, 91, 100, 246, 247, 248, 249, 287, 372, 381, 434, 456, 458, 471, 473, 474, 475, 476, 477, 478, 479, 480, 481, 482, 484, 487, 499, 503, 519, 534, 535, 544, 569, 590], "excluded_lines": [], "start_line": 1}}}, "weekly_planner_service.py": {"executed_lines": [22, 24, 25, 26, 27, 28, 29, 31, 33, 42, 44, 46, 47, 48, 50, 55, 59, 65, 66, 67, 68, 71, 153, 154, 155, 164, 165, 166, 173, 174, 176, 177, 178, 179, 181, 183, 185, 186, 187, 190, 191, 192, 199, 200, 201, 207, 208, 209, 210, 216, 217, 226, 229, 230, 231, 239, 240, 245, 248, 256, 257, 258, 259, 260, 261, 268, 269, 270, 278, 279, 280, 281, 282, 283, 288, 291, 292, 293, 304, 305, 306, 312, 313, 314, 325, 342, 343, 344, 345, 346, 347, 364, 367, 376, 378, 379, 380, 382, 383, 384, 386, 387, 388, 390, 391, 392, 395, 396, 400, 402, 403, 407, 408, 411, 412, 415, 416, 418, 429, 443, 444, 446, 447, 449, 450, 452, 453, 454, 457, 481, 482, 483, 484, 486, 487, 488, 489, 490, 491, 493, 494, 507, 508, 511, 512, 513, 515, 529, 530, 531, 533, 534, 535, 536, 538, 539, 540, 541, 549, 550, 551, 552, 553, 556, 557, 558, 559, 571, 572, 573, 574, 575, 576, 577, 582, 583, 584, 589, 597, 598, 602, 603, 604, 609, 610, 611, 612, 613, 614, 615, 616, 618], "summary": {"covered_lines": 192, "num_statements": 254, "percent_covered": 75.59055118110236, "percent_covered_display": "76", "missing_lines": 62, "excluded_lines": 0, "percent_statements_covered": 75.59055118110236, "percent_statements_covered_display": "76"}, "missing_lines": [156, 167, 175, 180, 182, 184, 195, 196, 202, 241, 242, 243, 244, 262, 334, 336, 348, 349, 350, 351, 352, 353, 354, 355, 356, 357, 358, 359, 360, 361, 377, 393, 401, 404, 405, 409, 413, 430, 431, 432, 433, 434, 435, 436, 437, 438, 439, 440, 445, 448, 451, 509, 578, 579, 585, 586, 587, 588, 590, 591, 599, 606], "excluded_lines": [], "functions": {"next_monday_from": {"executed_lines": [65, 66, 67, 68], "summary": {"covered_lines": 4, "num_statements": 4, "percent_covered": 100.0, "percent_covered_display": "100", "missing_lines": 0, "excluded_lines": 0, "percent_statements_covered": 100.0, "percent_statements_covered_display": "100"}, "missing_lines": [], "excluded_lines": [], "start_line": 59}, "_format_projects_block": {"executed_lines": [154, 155], "summary": {"covered_lines": 2, "num_statements": 3, "percent_covered": 66.66666666666667, "percent_covered_display": "67", "missing_lines": 1, "excluded_lines": 0, "percent_statements_covered": 66.66666666666667, "percent_statements_covered_display": "67"}, "missing_lines": [156], "excluded_lines": [], "start_line": 153}, "_format_goals_block": {"executed_lines": [165, 166], "summary": {"covered_lines": 2, "num_statements": 3, "percent_covered": 66.66666666666667, "percent_covered_display": "67", "missing_lines": 1, "excluded_lines": 0, "percent_statements_covered": 66.66666666666667, "percent_statements_covered_display": "67"}, "missing_lines": [167], "excluded_lines": [], "start_line": 164}, "_format_tasks_block": {"executed_lines": [174, 176, 177, 178, 179, 181, 183, 185, 186, 187], "summary": {"covered_lines": 10, "num_statements": 14, "percent_covered": 71.42857142857143, "percent_covered_display": "71", "missing_lines": 4, "excluded_lines": 0, "percent_statements_covered": 71.42857142857143, "percent_statements_covered_display": "71"}, "missing_lines": [175, 180, 182, 184], "excluded_lines": [], "start_line": 173}, "_format_history_block": {"executed_lines": [191, 192], "summary": {"covered_lines": 2, "num_statements": 4, "percent_covered": 50.0, "percent_covered_display": "50", "missing_lines": 2, "excluded_lines": 0, "percent_statements_covered": 50.0, "percent_statements_covered_display": "50"}, "missing_lines": [195, 196], "excluded_lines": [], "start_line": 190}, "_format_recurring_block": {"executed_lines": [200, 201], "summary": {"covered_lines": 2, "num_statements": 3, "percent_covered": 66.66666666666667, "percent_covered_display": "67", "missing_lines": 1, "excluded_lines": 0, "percent_statements_covered": 66.66666666666667, "percent_statements_covered_display": "67"}, "missing_lines": [202], "excluded_lines": [], "start_line": 199}, "_format_stale_freezer_block": {"executed_lines": [208, 209, 210], "summary": {"covered_lines": 3, "num_statements": 3, "percent_covered": 100.0, "percent_covered_display": "100", "missing_lines": 0, "excluded_lines": 0, "percent_statements_covered": 100.0, "percent_statements_covered_display": "100"}, "missing_lines": [], "excluded_lines": [], "start_line": 207}, "_load_active_tasks": {"executed_lines": [217, 226], "summary": {"covered_lines": 2, "num_statements": 2, "percent_covered": 100.0, "percent_covered_display": "100", "missing_lines": 0, "excluded_lines": 0, "percent_statements_covered": 100.0, "percent_statements_covered_display": "100"}, "missing_lines": [], "excluded_lines": [], "start_line": 216}, "_load_completed_history": {"executed_lines": [230, 231, 239, 240, 245], "summary": {"covered_lines": 5, "num_statements": 9, "percent_covered": 55.55555555555556, "percent_covered_display": "56", "missing_lines": 4, "excluded_lines": 0, "percent_statements_covered": 55.55555555555556, "percent_statements_covered_display": "56"}, "missing_lines": [241, 242, 243, 244], "excluded_lines": [], "start_line": 229}, "_load_recurring_fires": {"executed_lines": [256, 257, 258, 259, 260, 261], "summary": {"covered_lines": 6, "num_statements": 7, "percent_covered": 85.71428571428571, "percent_covered_display": "86", "missing_lines": 1, "excluded_lines": 0, "percent_statements_covered": 85.71428571428571, "percent_statements_covered_display": "86"}, "missing_lines": [262], "excluded_lines": [], "start_line": 248}, "_load_stale_freezer": {"executed_lines": [269, 270, 278, 279, 280, 281, 282, 283, 288], "summary": {"covered_lines": 9, "num_statements": 9, "percent_covered": 100.0, "percent_covered_display": "100", "missing_lines": 0, "excluded_lines": 0, "percent_statements_covered": 100.0, "percent_statements_covered_display": "100"}, "missing_lines": [], "excluded_lines": [], "start_line": 268}, "_load_projects": {"executed_lines": [292, 293], "summary": {"covered_lines": 2, "num_statements": 2, "percent_covered": 100.0, "percent_covered_display": "100", "missing_lines": 0, "excluded_lines": 0, "percent_statements_covered": 100.0, "percent_statements_covered_display": "100"}, "missing_lines": [], "excluded_lines": [], "start_line": 291}, "_load_goals": {"executed_lines": [305, 306], "summary": {"covered_lines": 2, "num_statements": 2, "percent_covered": 100.0, "percent_covered_display": "100", "missing_lines": 0, "excluded_lines": 0, "percent_statements_covered": 100.0, "percent_statements_covered_display": "100"}, "missing_lines": [], "excluded_lines": [], "start_line": 304}, "_serialize_active": {"executed_lines": [313, 314], "summary": {"covered_lines": 2, "num_statements": 2, "percent_covered": 100.0, "percent_covered_display": "100", "missing_lines": 0, "excluded_lines": 0, "percent_statements_covered": 100.0, "percent_statements_covered_display": "100"}, "missing_lines": [], "excluded_lines": [], "start_line": 312}, "_post_to_claude": {"executed_lines": [], "summary": {"covered_lines": 0, "num_statements": 2, "percent_covered": 0.0, "percent_covered_display": "0", "missing_lines": 2, "excluded_lines": 0, "percent_statements_covered": 0.0, "percent_statements_covered_display": "0"}, "missing_lines": [334, 336], "excluded_lines": [], "start_line": 325}, "_parse_claude_response": {"executed_lines": [343, 344, 345, 346, 347], "summary": {"covered_lines": 5, "num_statements": 19, "percent_covered": 26.31578947368421, "percent_covered_display": "26", "missing_lines": 14, "excluded_lines": 0, "percent_statements_covered": 26.31578947368421, "percent_statements_covered_display": "26"}, "missing_lines": [348, 349, 350, 351, 352, 353, 354, 355, 356, 357, 358, 359, 360, 361], "excluded_lines": [], "start_line": 342}, "_validate_per_task": {"executed_lines": [376, 378, 379, 380, 382, 383, 384, 386, 387, 388, 390, 391, 392, 395, 396, 400, 402, 403, 407, 408, 411, 412, 415, 416, 418], "summary": {"covered_lines": 25, "num_statements": 32, "percent_covered": 78.125, "percent_covered_display": "78", "missing_lines": 7, "excluded_lines": 0, "percent_statements_covered": 78.125, "percent_statements_covered_display": "78"}, "missing_lines": [377, 393, 401, 404, 405, 409, 413], "excluded_lines": [], "start_line": 367}, "_validate_goal_hint": {"executed_lines": [], "summary": {"covered_lines": 0, "num_statements": 11, "percent_covered": 0.0, "percent_covered_display": "0", "missing_lines": 11, "excluded_lines": 0, "percent_statements_covered": 0.0, "percent_statements_covered_display": "0"}, "missing_lines": [430, 431, 432, 433, 434, 435, 436, 437, 438, 439, 440], "excluded_lines": [], "start_line": 429}, "_validate_stale_freezer": {"executed_lines": [444, 446, 447, 449, 450, 452, 453, 454], "summary": {"covered_lines": 8, "num_statements": 11, "percent_covered": 72.72727272727273, "percent_covered_display": "73", "missing_lines": 3, "excluded_lines": 0, "percent_statements_covered": 72.72727272727273, "percent_statements_covered_display": "73"}, "missing_lines": [445, 448, 451], "excluded_lines": [], "start_line": 443}, "compute_weekly_plan": {"executed_lines": [481, 482, 483, 484, 486, 487, 488, 489, 490, 491, 493, 494, 507, 508, 511, 512, 513, 515, 529, 530, 531, 533, 534, 535, 536, 538, 539, 540, 541, 549, 550, 551, 552, 553, 556, 557, 558, 559, 571, 572, 573, 574, 575, 576, 577, 582, 583, 584, 589, 597, 598, 602, 603, 604, 609, 610, 611, 612, 613, 614, 615, 616, 618], "summary": {"covered_lines": 63, "num_statements": 74, "percent_covered": 85.13513513513513, "percent_covered_display": "85", "missing_lines": 11, "excluded_lines": 0, "percent_statements_covered": 85.13513513513513, "percent_statements_covered_display": "85"}, "missing_lines": [509, 578, 579, 585, 586, 587, 588, 590, 591, 599, 606], "excluded_lines": [], "start_line": 457}, "": {"executed_lines": [22, 24, 25, 26, 27, 28, 29, 31, 33, 42, 44, 46, 47, 48, 50, 55, 59, 71, 153, 164, 173, 190, 199, 207, 216, 229, 248, 268, 291, 304, 312, 325, 342, 364, 367, 429, 443, 457], "summary": {"covered_lines": 38, "num_statements": 38, "percent_covered": 100.0, "percent_covered_display": "100", "missing_lines": 0, "excluded_lines": 0, "percent_statements_covered": 100.0, "percent_statements_covered_display": "100"}, "missing_lines": [], "excluded_lines": [], "start_line": 1}}, "classes": {"": {"executed_lines": [22, 24, 25, 26, 27, 28, 29, 31, 33, 42, 44, 46, 47, 48, 50, 55, 59, 65, 66, 67, 68, 71, 153, 154, 155, 164, 165, 166, 173, 174, 176, 177, 178, 179, 181, 183, 185, 186, 187, 190, 191, 192, 199, 200, 201, 207, 208, 209, 210, 216, 217, 226, 229, 230, 231, 239, 240, 245, 248, 256, 257, 258, 259, 260, 261, 268, 269, 270, 278, 279, 280, 281, 282, 283, 288, 291, 292, 293, 304, 305, 306, 312, 313, 314, 325, 342, 343, 344, 345, 346, 347, 364, 367, 376, 378, 379, 380, 382, 383, 384, 386, 387, 388, 390, 391, 392, 395, 396, 400, 402, 403, 407, 408, 411, 412, 415, 416, 418, 429, 443, 444, 446, 447, 449, 450, 452, 453, 454, 457, 481, 482, 483, 484, 486, 487, 488, 489, 490, 491, 493, 494, 507, 508, 511, 512, 513, 515, 529, 530, 531, 533, 534, 535, 536, 538, 539, 540, 541, 549, 550, 551, 552, 553, 556, 557, 558, 559, 571, 572, 573, 574, 575, 576, 577, 582, 583, 584, 589, 597, 598, 602, 603, 604, 609, 610, 611, 612, 613, 614, 615, 616, 618], "summary": {"covered_lines": 192, "num_statements": 254, "percent_covered": 75.59055118110236, "percent_covered_display": "76", "missing_lines": 62, "excluded_lines": 0, "percent_statements_covered": 75.59055118110236, "percent_statements_covered_display": "76"}, "missing_lines": [156, 167, 175, 180, 182, 184, 195, 196, 202, 241, 242, 243, 244, 262, 334, 336, 348, 349, 350, 351, 352, 353, 354, 355, 356, 357, 358, 359, 360, 361, 377, 393, 401, 404, 405, 409, 413, 430, 431, 432, 433, 434, 435, 436, 437, 438, 439, 440, 445, 448, 451, 509, 578, 579, 585, 586, 587, 588, 590, 591, 599, 606], "excluded_lines": [], "start_line": 1}}}}, "totals": {"covered_lines": 6609, "num_statements": 7856, "percent_covered": 84.12678207739307, "percent_covered_display": "84", "missing_lines": 1247, "excluded_lines": 4, "percent_statements_covered": 84.12678207739307, "percent_statements_covered_display": "84"}}